Scenario - 
Logfile written - 05/16/2018 12:12:35

Subject	Trial	Event Type	Code	Time	TTime	Uncertainty	Duration	Uncertainty	ReqTime	ReqDur	Stim Type	Pair Index

NCETw_02_2	1	Picture	block split	167	0	1	122001	1	0	next	other	0
NCETw_02_2	1	Pulse	111	122080	121914	0
NCETw_02_2	2	Picture	block split	122167	0	1	70167	1	0	next	other	0
NCETw_02_2	2	Pulse	111	147120	24953	0
NCETw_02_2	2	Pulse	111	172080	49913	0
NCETw_02_2	3	Picture	cue	192334	0	1	7500	1	0	7340	other	0
NCETw_02_2	3	Pulse	111	197040	4706	0
NCETw_02_2	4	Picture	adult_gender	200001	0	1	50000	1	0	50000	incorrect	10
NCETw_02_2	4	Pulse	111	222080	22079	0
NCETw_02_2	4	Response	1	222778	22777	1
NCETw_02_2	4	Pulse	111	247040	47039	0
NCETw_02_2	5	Picture	fixation	250001	0	1	7500	1	0	7340	other	0
NCETw_02_2	6	Picture	adult_gender	257668	0	1	50000	1	0	50000	incorrect	14
NCETw_02_2	6	Response	1	270975	13307	1
NCETw_02_2	6	Pulse	111	272080	14412	0
NCETw_02_2	6	Pulse	111	297040	39372	0
NCETw_02_2	7	Picture	fixation	307668	0	1	7500	1	0	7340	other	0
NCETw_02_2	8	Picture	adult_gender	315335	0	1	50000	1	0	50000	hit	20
NCETw_02_2	8	Pulse	111	322080	6745	0
NCETw_02_2	8	Response	1	330995	15661	1
NCETw_02_2	8	Pulse	111	347040	31705	0
NCETw_02_2	9	Picture	fixation	365335	0	1	7500	1	0	7340	other	0
NCETw_02_2	9	Pulse	111	372080	6745	0
NCETw_02_2	10	Picture	adult_gender	373002	0	1	50000	1	0	50000	incorrect	25
NCETw_02_2	10	Response	2	384381	11379	1
NCETw_02_2	10	Pulse	111	397120	24118	0
NCETw_02_2	10	Pulse	111	422080	49078	0
NCETw_02_2	11	Picture	fixation	423002	0	1	7500	1	0	7340	other	0
NCETw_02_2	12	Picture	block split	430669	0	1	100167	1	0	next	other	0
NCETw_02_2	12	Pulse	111	447040	16371	0
NCETw_02_2	12	Pulse	111	472080	41411	0
NCETw_02_2	12	Pulse	111	497040	66371	0
NCETw_02_2	12	Pulse	111	522080	91411	0
NCETw_02_2	13	Picture	cue	530836	0	1	7500	1	0	7340	other	0
NCETw_02_2	14	Picture	child_mind	538503	0	1	50000	1	0	50000	hit	37
NCETw_02_2	14	Pulse	111	547040	8537	0
NCETw_02_2	14	Response	2	555513	17010	1
NCETw_02_2	14	Pulse	111	572080	33577	0
NCETw_02_2	15	Picture	fixation	588503	0	1	7500	1	0	7340	other	0
NCETw_02_2	16	Picture	child_mind	596170	0	1	50000	1	0	50000	incorrect	42
NCETw_02_2	16	Pulse	111	597120	950	0
NCETw_02_2	16	Response	1	614236	18067	1
NCETw_02_2	16	Pulse	111	622079	25910	0
NCETw_02_2	17	Picture	fixation	646170	0	1	7500	1	0	7340	other	0
NCETw_02_2	17	Pulse	111	647040	870	0
NCETw_02_2	18	Picture	child_mind	653837	0	1	50000	1	0	50000	incorrect	47
NCETw_02_2	18	Response	1	671463	17627	1
NCETw_02_2	18	Pulse	111	672080	18243	0
NCETw_02_2	18	Pulse	111	697040	43203	0
NCETw_02_2	19	Picture	fixation	703837	0	1	7500	1	0	7340	other	0
NCETw_02_2	20	Picture	child_mind	711504	0	1	50000	1	0	50000	hit	53
NCETw_02_2	20	Pulse	111	722080	10576	0
NCETw_02_2	20	Response	2	746501	34998	1
NCETw_02_2	20	Pulse	111	747040	35536	0
NCETw_02_2	21	Picture	fixation	761504	0	1	7500	1	0	7340	other	0
NCETw_02_2	22	Picture	block split	769171	0	1	120167	1	0	next	other	0
NCETw_02_2	22	Pulse	111	772079	2909	0
NCETw_02_2	22	Pulse	111	797119	27949	0
NCETw_02_2	22	Pulse	111	822079	52909	0
NCETw_02_2	22	Pulse	111	847119	77949	0
NCETw_02_2	22	Pulse	111	872079	102909	0
NCETw_02_2	23	Picture	cue	889338	0	1	7500	1	0	7340	other	0
NCETw_02_2	24	Picture	adult_mind	897005	0	1	50000	1	0	50000	hit	65
NCETw_02_2	24	Pulse	111	897039	35	0
NCETw_02_2	24	Response	2	914390	17386	1
NCETw_02_2	24	Pulse	111	922079	25075	0
NCETw_02_2	25	Picture	fixation	947005	0	1	7500	1	0	7340	other	0
NCETw_02_2	25	Pulse	111	947039	34	0
NCETw_02_2	26	Picture	adult_mind	954671	0	1	50000	1	0	50000	hit	71
NCETw_02_2	26	Pulse	111	972079	17408	0
NCETw_02_2	26	Response	2	973413	18741	1
NCETw_02_2	26	Pulse	111	997039	42368	0
NCETw_02_2	27	Picture	fixation	1004672	0	1	7500	1	0	7340	other	0
NCETw_02_2	28	Picture	adult_mind	1012338	0	1	50000	1	0	50000	incorrect	76
NCETw_02_2	28	Pulse	111	1022079	9741	0
NCETw_02_2	28	Response	1	1029144	16805	1
NCETw_02_2	28	Pulse	111	1047119	34781	0
NCETw_02_2	29	Picture	fixation	1062339	0	1	7500	1	0	7340	other	0
NCETw_02_2	30	Picture	adult_mind	1070005	0	1	50000	1	0	50000	incorrect	81
NCETw_02_2	30	Pulse	111	1072079	2074	0
NCETw_02_2	30	Response	2	1091509	21504	1
NCETw_02_2	30	Pulse	111	1097039	27034	0
NCETw_02_2	31	Picture	fixation	1120006	0	1	7500	1	0	7340	other	0
NCETw_02_2	31	Pulse	111	1122079	2073	0
NCETw_02_2	32	Picture	block split	1127672	0	1	100167	1	0	next	other	0
NCETw_02_2	32	Pulse	111	1147039	19367	0
NCETw_02_2	32	Pulse	111	1172079	44407	0
NCETw_02_2	32	Pulse	111	1197039	69367	0
NCETw_02_2	32	Pulse	111	1222079	94407	0
NCETw_02_2	33	Picture	cue	1227840	0	1	7500	1	0	7340	other	0
NCETw_02_2	34	Picture	child_gender	1235506	0	1	50000	1	0	50000	incorrect	93
NCETw_02_2	34	Pulse	111	1247119	11613	0
NCETw_02_2	34	Response	2	1252812	17306	1
NCETw_02_2	34	Pulse	111	1272079	36573	0
NCETw_02_2	35	Picture	fixation	1285507	0	1	7500	1	0	7340	other	0
NCETw_02_2	36	Picture	child_gender	1293173	0	1	50000	1	0	50000	incorrect	98
NCETw_02_2	36	Pulse	111	1297119	3946	0
NCETw_02_2	36	Response	2	1304900	11727	1
NCETw_02_2	36	Pulse	111	1322079	28906	0
NCETw_02_2	37	Picture	fixation	1343173	0	1	7500	1	0	7340	other	0
NCETw_02_2	37	Pulse	111	1347039	3866	0
NCETw_02_2	38	Picture	child_gender	1350840	0	1	50000	1	0	50000	incorrect	103
NCETw_02_2	38	Response	1	1369860	19020	1
NCETw_02_2	38	Pulse	111	1372079	21238	0
NCETw_02_2	38	Pulse	111	1397039	46199	0
NCETw_02_2	39	Picture	fixation	1400840	0	1	7500	1	0	7340	other	0
NCETw_02_2	40	Picture	child_gender	1408507	0	1	50000	1	0	50000	hit	109
NCETw_02_2	40	Pulse	111	1422079	13572	0
NCETw_02_2	40	Response	1	1422098	13591	1
NCETw_02_2	40	Pulse	111	1447039	38532	0
NCETw_02_2	41	Picture	fixation	1458507	0	1	7500	1	0	7340	other	0
NCETw_02_2	42	Picture	block split	1466174	0	1	70167	1	0	next	other	0
NCETw_02_2	42	Pulse	111	1472079	5905	0
NCETw_02_2	42	Pulse	111	1497119	30945	0
NCETw_02_2	42	Pulse	111	1522079	55905	0
NCETw_02_2	43	Picture	cue	1536341	0	1	7500	1	0	7340	other	0
NCETw_02_2	44	Picture	adult_mind	1544008	0	1	50000	1	0	50000	incorrect	119
NCETw_02_2	44	Pulse	111	1547039	3031	0
NCETw_02_2	44	Response	1	1560699	16691	1
NCETw_02_2	44	Pulse	111	1572079	28071	0
NCETw_02_2	45	Picture	fixation	1594008	0	1	7500	1	0	7340	other	0
NCETw_02_2	45	Pulse	111	1597039	3031	0
NCETw_02_2	46	Picture	adult_mind	1601675	0	1	50000	1	0	50000	incorrect	125
NCETw_02_2	46	Pulse	111	1622079	20404	0
NCETw_02_2	46	Response	2	1627456	25781	1
NCETw_02_2	46	Pulse	111	1647039	45364	0
NCETw_02_2	47	Picture	fixation	1651675	0	1	7500	1	0	7340	other	0
NCETw_02_2	48	Picture	adult_mind	1659342	0	1	50000	1	0	50000	hit	130
NCETw_02_2	48	Pulse	111	1672079	12737	0
NCETw_02_2	48	Response	1	1684683	25341	1
NCETw_02_2	48	Pulse	111	1697118	37777	0
NCETw_02_2	49	Picture	fixation	1709342	0	1	7500	1	0	7340	other	0
NCETw_02_2	50	Picture	adult_mind	1717009	0	1	50000	1	0	50000	incorrect	135
NCETw_02_2	50	Pulse	111	1722079	5070	0
NCETw_02_2	50	Response	2	1732929	15920	1
NCETw_02_2	50	Pulse	111	1747119	30110	0
NCETw_02_2	51	Picture	fixation	1767009	0	1	7500	1	0	7340	other	0
NCETw_02_2	51	Pulse	111	1772079	5070	0
NCETw_02_2	52	Picture	block split	1774676	0	1	70167	1	0	next	other	0
NCETw_02_2	52	Pulse	111	1797039	22363	0
NCETw_02_2	52	Pulse	111	1822079	47403	0
NCETw_02_2	53	Picture	cue	1844843	0	1	7500	1	0	7340	other	0
NCETw_02_2	53	Pulse	111	1847039	2196	0
NCETw_02_2	54	Picture	child_gender	1852509	0	1	50000	1	0	50000	hit	145
NCETw_02_2	54	Response	1	1865643	13134	1
NCETw_02_2	54	Pulse	111	1872079	19569	0
NCETw_02_2	54	Pulse	111	1897119	44609	0
NCETw_02_2	55	Picture	fixation	1902510	0	1	7500	1	0	7340	other	0
NCETw_02_2	56	Picture	child_gender	1910176	0	1	50000	1	0	50000	hit	151
NCETw_02_2	56	Pulse	111	1922079	11902	0
NCETw_02_2	56	Response	1	1929157	18980	1
NCETw_02_2	56	Pulse	111	1947119	36942	0
NCETw_02_2	57	Picture	fixation	1960177	0	1	7500	1	0	7340	other	0
NCETw_02_2	58	Picture	child_gender	1967843	0	1	50000	1	0	50000	hit	156
NCETw_02_2	58	Pulse	111	1972078	4235	0
NCETw_02_2	58	Response	2	1980995	13151	1
NCETw_02_2	58	Pulse	111	1997118	29275	0
NCETw_02_2	59	Picture	fixation	2017844	0	1	7500	1	0	7340	other	0
NCETw_02_2	59	Pulse	111	2022078	4235	0
NCETw_02_2	60	Picture	child_gender	2025510	0	1	50000	1	0	50000	incorrect	161
NCETw_02_2	60	Response	1	2040167	14657	1
NCETw_02_2	60	Pulse	111	2047038	21528	0
NCETw_02_2	60	Pulse	111	2072078	46568	0
NCETw_02_2	61	Picture	fixation	2075511	0	1	7500	1	0	7340	other	0
NCETw_02_2	62	Picture	block split	2083177	0	1	120167	1	0	next	other	0
NCETw_02_2	62	Pulse	111	2097038	13861	0
NCETw_02_2	62	Pulse	111	2122078	38901	0
NCETw_02_2	62	Pulse	111	2147118	63941	0
NCETw_02_2	62	Pulse	111	2172078	88901	0
NCETw_02_2	62	Pulse	111	2197118	113941	0
NCETw_02_2	63	Picture	cue	2203345	0	1	7500	1	0	7340	other	0
NCETw_02_2	64	Picture	adult_gender	2211011	0	1	50000	1	0	50000	hit	174
NCETw_02_2	64	Pulse	111	2222078	11067	0
NCETw_02_2	64	Response	2	2226117	15106	1
NCETw_02_2	64	Pulse	111	2247038	36027	0
NCETw_02_2	65	Picture	fixation	2261012	0	1	7500	1	0	7340	other	0
NCETw_02_2	66	Picture	adult_gender	2268678	0	1	50000	1	0	50000	hit	179
NCETw_02_2	66	Pulse	111	2272078	3400	0
NCETw_02_2	66	Response	1	2280550	11872	1
NCETw_02_2	66	Pulse	111	2297038	28360	0
NCETw_02_2	67	Picture	fixation	2318679	0	1	7500	1	0	7340	other	0
NCETw_02_2	67	Pulse	111	2322078	3400	0
NCETw_02_2	68	Picture	adult_gender	2326345	0	1	50000	1	0	50000	hit	184
NCETw_02_2	68	Response	2	2336929	10584	1
NCETw_02_2	68	Pulse	111	2347118	20772	0
NCETw_02_2	68	Pulse	111	2372078	45733	0
NCETw_02_2	69	Picture	fixation	2376346	0	1	7500	1	0	7340	other	0
NCETw_02_2	70	Picture	adult_gender	2384012	0	1	50000	1	0	50000	hit	189
NCETw_02_2	70	Response	2	2396900	12888	1
NCETw_02_2	70	Pulse	111	2397118	13105	0
NCETw_02_2	70	Pulse	111	2422078	38066	0
NCETw_02_2	71	Picture	fixation	2434013	0	1	7500	1	0	7340	other	0
NCETw_02_2	72	Picture	block split	2441679	0	1	120167	1	0	next	other	0
NCETw_02_2	72	Pulse	111	2447118	5439	0
NCETw_02_2	72	Pulse	111	2472078	30399	0
NCETw_02_2	72	Pulse	111	2497038	55359	0
NCETw_02_2	72	Pulse	111	2522078	80399	0
NCETw_02_2	72	Pulse	111	2547038	105359	0
NCETw_02_2	73	Picture	cue	2561846	0	1	7500	1	0	7340	other	0
NCETw_02_2	74	Picture	child_mind	2569513	0	1	50000	1	0	50000	hit	202
NCETw_02_2	74	Pulse	111	2572078	2565	0
NCETw_02_2	74	Response	1	2585993	16480	1
NCETw_02_2	74	Pulse	111	2597118	27605	0
NCETw_02_2	75	Picture	fixation	2619513	0	1	7500	1	0	7340	other	0
NCETw_02_2	75	Pulse	111	2622078	2564	0
NCETw_02_2	76	Picture	child_mind	2627180	0	1	50000	1	0	50000	hit	208
NCETw_02_2	76	Pulse	111	2647117	19937	0
NCETw_02_2	76	Response	1	2649706	22526	1
NCETw_02_2	76	Pulse	111	2672078	44898	0
NCETw_02_2	77	Picture	fixation	2677180	0	1	7500	1	0	7340	other	0
NCETw_02_2	78	Picture	child_mind	2684847	0	1	50000	1	0	50000	incorrect	213
NCETw_02_2	78	Pulse	111	2697038	12191	0
NCETw_02_2	78	Response	2	2705636	20789	1
NCETw_02_2	78	Pulse	111	2722078	37231	0
NCETw_02_2	79	Picture	fixation	2734847	0	1	7500	1	0	7340	other	0
NCETw_02_2	80	Picture	child_mind	2742514	0	1	50000	1	0	50000	incorrect	218
NCETw_02_2	80	Pulse	111	2747038	4524	0
NCETw_02_2	80	Response	1	2760867	18352	1
NCETw_02_2	80	Pulse	111	2772077	29563	0
NCETw_02_2	81	Picture	fixation	2792514	0	1	7500	1	0	7340	other	0
NCETw_02_2	81	Pulse	111	2797118	4603	0
NCETw_02_2	82	Picture	block split	2800181	0	1	100167	1	0	next	other	0
NCETw_02_2	82	Pulse	111	2822078	21897	0
NCETw_02_2	82	Pulse	111	2847118	46937	0
NCETw_02_2	82	Pulse	111	2872078	71897	0
NCETw_02_2	82	Pulse	111	2897118	96937	0
NCETw_02_2	83	Picture	cue	2900348	0	1	7500	1	0	7340	other	0
NCETw_02_2	84	Picture	adult_gender	2908015	0	1	50000	1	0	50000	hit	229
NCETw_02_2	84	Response	1	2919126	11111	1
NCETw_02_2	84	Pulse	111	2922078	14063	0
NCETw_02_2	84	Pulse	111	2947038	39023	0
NCETw_02_2	85	Picture	fixation	2958015	0	1	7500	1	0	7340	other	0
NCETw_02_2	86	Picture	adult_gender	2965682	0	1	50000	1	0	50000	incorrect	235
NCETw_02_2	86	Pulse	111	2972078	6396	0
NCETw_02_2	86	Response	1	2980245	14563	1
NCETw_02_2	86	Pulse	111	2997038	31356	0
NCETw_02_2	87	Picture	fixation	3015682	0	1	7500	1	0	7340	other	0
NCETw_02_2	87	Pulse	111	3022077	6395	0
NCETw_02_2	88	Picture	adult_gender	3023349	0	1	50000	1	0	50000	incorrect	240
NCETw_02_2	88	Response	2	3033330	9981	1
NCETw_02_2	88	Pulse	111	3047117	23768	0
NCETw_02_2	88	Pulse	111	3072077	48729	0
NCETw_02_2	89	Picture	fixation	3073349	0	1	7500	1	0	7340	other	0
NCETw_02_2	90	Picture	adult_gender	3081016	0	1	50000	1	0	50000	hit	245
NCETw_02_2	90	Response	1	3093152	12136	1
NCETw_02_2	90	Pulse	111	3097117	16101	0
NCETw_02_2	90	Pulse	111	3122077	41061	0
NCETw_02_2	91	Picture	fixation	3131016	0	1	7500	1	0	7340	other	0
NCETw_02_2	92	Picture	block split	3138683	0	1	70167	1	0	next	other	0
NCETw_02_2	92	Pulse	111	3147037	8354	0
NCETw_02_2	92	Pulse	111	3172077	33395	0
NCETw_02_2	92	Pulse	111	3197037	58354	0
NCETw_02_2	93	Picture	cue	3208850	0	1	7500	1	0	7340	other	0
NCETw_02_2	94	Picture	adult_mind	3216517	0	1	50000	1	0	50000	hit	256
NCETw_02_2	94	Pulse	111	3222077	5561	0
NCETw_02_2	94	Response	2	3236343	19827	1
NCETw_02_2	94	Pulse	111	3247117	30601	0
NCETw_02_2	95	Picture	fixation	3266517	0	1	7500	1	0	7340	other	0
NCETw_02_2	95	Pulse	111	3272077	5560	0
NCETw_02_2	96	Picture	adult_mind	3274184	0	1	50000	1	0	50000	hit	262
NCETw_02_2	96	Pulse	111	3297117	22934	0
NCETw_02_2	96	Response	1	3310883	36700	1
NCETw_02_2	96	Pulse	111	3322077	47893	0
NCETw_02_2	97	Picture	fixation	3324184	0	1	7500	1	0	7340	other	0
NCETw_02_2	98	Picture	adult_mind	3331850	0	1	50000	1	0	50000	hit	267
NCETw_02_2	98	Pulse	111	3347117	15267	0
NCETw_02_2	98	Response	1	3350897	19046	1
NCETw_02_2	98	Pulse	111	3372077	40227	0
NCETw_02_2	99	Picture	fixation	3381851	0	1	7500	1	0	7340	other	0
NCETw_02_2	100	Picture	adult_mind	3389517	0	1	50000	1	0	50000	incorrect	272
NCETw_02_2	100	Pulse	111	3397037	7520	0
NCETw_02_2	100	Response	1	3406377	16860	1
NCETw_02_2	100	Pulse	111	3422077	32560	0
NCETw_02_2	101	Picture	fixation	3439518	0	1	7500	1	0	7340	other	0
NCETw_02_2	101	Pulse	111	3447117	7599	1
NCETw_02_2	102	Picture	block split	3447184	0	1	100167	1	0	next	other	0
NCETw_02_2	102	Pulse	111	3472077	24893	0
NCETw_02_2	102	Pulse	111	3497117	49932	0
NCETw_02_2	102	Pulse	111	3522077	74893	0
NCETw_02_2	102	Pulse	111	3547117	99932	0
NCETw_02_2	103	Picture	cue	3547352	0	1	7500	1	0	7340	other	0
NCETw_02_2	104	Picture	child_mind	3555018	0	1	50000	1	0	50000	hit	284
NCETw_02_2	104	Pulse	111	3572077	17059	0
NCETw_02_2	104	Response	1	3582898	27880	1
NCETw_02_2	104	Pulse	111	3597037	42019	0
NCETw_02_2	105	Picture	fixation	3605018	0	1	7500	1	0	7340	other	0
NCETw_02_2	106	Picture	child_mind	3612685	0	1	50000	1	0	50000	hit	289
NCETw_02_2	106	Pulse	111	3622077	9392	0
NCETw_02_2	106	Response	1	3627302	14617	1
NCETw_02_2	106	Pulse	111	3647037	34352	0
NCETw_02_2	107	Picture	fixation	3662685	0	1	7500	1	0	7340	other	0
NCETw_02_2	108	Picture	child_mind	3670352	0	1	50000	1	0	50000	hit	294
NCETw_02_2	108	Pulse	111	3672077	1725	0
NCETw_02_2	108	Response	2	3695360	25008	1
NCETw_02_2	108	Pulse	111	3697117	26764	0
NCETw_02_2	109	Picture	fixation	3720352	0	1	7500	1	0	7340	other	0
NCETw_02_2	109	Pulse	111	3722077	1725	0
NCETw_02_2	110	Picture	child_mind	3728019	0	1	50000	1	0	50000	hit	300
NCETw_02_2	110	Pulse	111	3747117	19098	0
NCETw_02_2	110	Response	1	3761214	33195	1
NCETw_02_2	110	Pulse	111	3772077	44058	0
NCETw_02_2	111	Picture	fixation	3778019	0	1	7500	1	0	7340	other	0
NCETw_02_2	112	Picture	block split	3785686	0	1	70167	1	0	next	other	0
NCETw_02_2	112	Pulse	111	3797117	11431	0
NCETw_02_2	112	Pulse	111	3822077	36391	0
NCETw_02_2	112	Pulse	111	3847037	61351	0
NCETw_02_2	113	Picture	cue	3855853	0	1	7500	1	0	7340	other	0
NCETw_02_2	114	Picture	adult_gender	3863520	0	1	50000	1	0	50000	hit	310
NCETw_02_2	114	Pulse	111	3872077	8557	0
NCETw_02_2	114	Response	1	3881505	17985	1
NCETw_02_2	114	Pulse	111	3897117	33597	0
NCETw_02_2	115	Picture	fixation	3913520	0	1	7500	1	0	7340	other	0
NCETw_02_2	116	Picture	adult_gender	3921187	0	1	50000	1	0	50000	incorrect	315
NCETw_02_2	116	Pulse	111	3922077	890	0
NCETw_02_2	116	Response	2	3932147	10960	1
NCETw_02_2	116	Pulse	111	3947117	25930	0
NCETw_02_2	117	Picture	fixation	3971187	0	1	7500	1	0	7340	other	0
NCETw_02_2	117	Pulse	111	3972077	890	0
NCETw_02_2	118	Picture	adult_gender	3978854	0	1	50000	1	0	50000	hit	320
NCETw_02_2	118	Response	1	3989373	10519	1
NCETw_02_2	118	Pulse	111	3997116	18263	0
NCETw_02_2	118	Pulse	111	4022077	43223	0
NCETw_02_2	119	Picture	fixation	4028854	0	1	7500	1	0	7340	other	0
NCETw_02_2	120	Picture	adult_gender	4036521	0	1	50000	1	0	50000	hit	326
NCETw_02_2	120	Pulse	111	4047037	10516	0
NCETw_02_2	120	Response	1	4051240	14719	1
NCETw_02_2	120	Pulse	111	4072077	35556	0
NCETw_02_2	121	Picture	fixation	4086521	0	1	7500	1	0	7340	other	0
NCETw_02_2	122	Picture	block split	4094188	0	1	120167	1	0	next	other	0
NCETw_02_2	122	Pulse	111	4097036	2849	0
NCETw_02_2	122	Pulse	111	4122077	27889	0
NCETw_02_2	122	Pulse	111	4147117	52929	0
NCETw_02_2	122	Pulse	111	4172076	77889	0
NCETw_02_2	122	Pulse	111	4197117	102929	0
NCETw_02_2	123	Picture	cue	4214355	0	1	7500	1	0	7340	other	0
NCETw_02_2	124	Picture	child_mind	4222022	0	1	50000	1	0	50000	incorrect	338
NCETw_02_2	124	Pulse	111	4222077	55	0
NCETw_02_2	124	Response	1	4242179	20157	1
NCETw_02_2	124	Pulse	111	4247116	25095	0
NCETw_02_2	125	Picture	fixation	4272022	0	1	7500	1	0	7340	other	0
NCETw_02_2	125	Pulse	111	4272076	54	0
NCETw_02_2	126	Picture	child_mind	4279689	0	1	50000	1	0	50000	hit	344
NCETw_02_2	126	Pulse	111	4297037	17348	0
NCETw_02_2	126	Response	1	4304096	24407	1
NCETw_02_2	126	Pulse	111	4322077	42388	0
NCETw_02_2	127	Picture	fixation	4329689	0	1	7500	1	0	7340	other	0
NCETw_02_2	128	Picture	child_mind	4337356	0	1	50000	1	0	50000	hit	349
NCETw_02_2	128	Pulse	111	4347116	9761	0
NCETw_02_2	128	Response	1	4353889	16533	1
NCETw_02_2	128	Pulse	111	4372077	34721	0
NCETw_02_2	129	Picture	fixation	4387356	0	1	7500	1	0	7340	other	0
NCETw_02_2	130	Picture	child_mind	4395023	0	1	50000	1	0	50000	incorrect	354
NCETw_02_2	130	Pulse	111	4397116	2094	0
NCETw_02_2	130	Response	1	4418500	23477	1
NCETw_02_2	130	Pulse	111	4422076	27054	0
NCETw_02_2	131	Picture	fixation	4445023	0	1	7500	1	0	7340	other	0
NCETw_02_2	131	Pulse	111	4447117	2094	0
NCETw_02_2	132	Picture	block split	4452690	0	1	100167	1	0	next	other	0
NCETw_02_2	132	Pulse	111	4472076	19387	0
NCETw_02_2	132	Pulse	111	4497036	44347	0
NCETw_02_2	132	Pulse	111	4522076	69387	0
NCETw_02_2	132	Pulse	111	4547116	94427	0
NCETw_02_2	133	Picture	cue	4552857	0	1	7500	1	0	7340	other	0
NCETw_02_2	134	Picture	child_gender	4560524	0	1	50000	1	0	50000	hit	366
NCETw_02_2	134	Pulse	111	4572076	11553	0
NCETw_02_2	134	Response	2	4582697	22173	1
NCETw_02_2	134	Pulse	111	4597116	36593	0
NCETw_02_2	135	Picture	fixation	4610524	0	1	7500	1	0	7340	other	0
NCETw_02_2	136	Picture	child_gender	4618190	0	1	50000	1	0	50000	hit	371
NCETw_02_2	136	Pulse	111	4622076	3886	0
NCETw_02_2	136	Response	1	4629695	11504	1
NCETw_02_2	136	Pulse	111	4647116	28926	0
NCETw_02_2	137	Picture	fixation	4668191	0	1	7500	1	0	7340	other	0
NCETw_02_2	137	Pulse	111	4672076	3885	0
NCETw_02_2	138	Picture	child_gender	4675857	0	1	50000	1	0	50000	incorrect	376
NCETw_02_2	138	Response	2	4691363	15505	1
NCETw_02_2	138	Pulse	111	4697116	21259	0
NCETw_02_2	138	Pulse	111	4722076	46219	0
NCETw_02_2	139	Picture	fixation	4725858	0	1	7500	1	0	7340	other	0
NCETw_02_2	140	Picture	child_gender	4733524	0	1	50000	1	0	50000	incorrect	381
NCETw_02_2	140	Response	2	4746843	13319	1
NCETw_02_2	140	Pulse	111	4747036	13512	0
NCETw_02_2	140	Pulse	111	4772076	38552	0
NCETw_02_2	141	Picture	fixation	4783525	0	1	7500	1	0	7340	other	0
NCETw_02_2	142	Picture	block split	4791191	0	1	70167	1	0	next	other	0
NCETw_02_2	142	Pulse	111	4797116	5925	0
NCETw_02_2	142	Pulse	111	4822076	30885	0
NCETw_02_2	142	Pulse	111	4847116	55925	0
NCETw_02_2	143	Picture	cue	4861358	0	1	7500	1	0	7340	other	0
NCETw_02_2	144	Picture	adult_mind	4869025	0	1	50000	1	0	50000	hit	392
NCETw_02_2	144	Pulse	111	4872076	3051	0
NCETw_02_2	144	Response	1	4883849	14823	1
NCETw_02_2	144	Pulse	111	4897116	28091	0
NCETw_02_2	145	Picture	fixation	4919025	0	1	7500	1	0	7340	other	0
NCETw_02_2	145	Pulse	111	4922076	3051	0
NCETw_02_2	146	Picture	adult_mind	4926692	0	1	50000	1	0	50000	hit	397
NCETw_02_2	146	Response	2	4944867	18175	1
NCETw_02_2	146	Pulse	111	4947036	20344	0
NCETw_02_2	146	Pulse	111	4972076	45384	0
NCETw_02_2	147	Picture	fixation	4976692	0	1	7500	1	0	7340	other	0
NCETw_02_2	148	Picture	adult_mind	4984359	0	1	50000	1	0	50000	hit	403
NCETw_02_2	148	Pulse	111	4997116	12757	0
NCETw_02_2	148	Response	1	5010526	26167	1
NCETw_02_2	148	Pulse	111	5022076	37717	0
NCETw_02_2	149	Picture	fixation	5034359	0	1	7500	1	0	7340	other	0
NCETw_02_2	150	Picture	adult_mind	5042026	0	1	50000	1	0	50000	hit	408
NCETw_02_2	150	Pulse	111	5047116	5090	0
NCETw_02_2	150	Response	1	5064409	22383	1
NCETw_02_2	150	Pulse	111	5072076	30050	0
NCETw_02_2	151	Picture	fixation	5092026	0	1	7500	1	0	7340	other	0
NCETw_02_2	151	Pulse	111	5097116	5089	0
NCETw_02_2	152	Picture	block split	5099693	0	1	100167	1	0	next	other	0
NCETw_02_2	152	Pulse	111	5122076	22383	0
NCETw_02_2	152	Pulse	111	5147116	47423	0
NCETw_02_2	152	Pulse	111	5172076	72383	0
NCETw_02_2	152	Pulse	111	5197036	97343	0
NCETw_02_2	153	Picture	cue	5199860	0	1	7500	1	0	7340	other	0
NCETw_02_2	154	Picture	child_gender	5207527	0	1	50000	1	0	50000	incorrect	419
NCETw_02_2	154	Response	1	5221322	13795	1
NCETw_02_2	154	Pulse	111	5222075	14548	0
NCETw_02_2	154	Pulse	111	5247115	39589	0
NCETw_02_2	155	Picture	fixation	5257527	0	1	7500	1	0	7340	other	0
NCETw_02_2	156	Picture	child_gender	5265194	0	1	50000	1	0	50000	incorrect	425
NCETw_02_2	156	Pulse	111	5272076	6882	0
NCETw_02_2	156	Response	2	5284187	18993	1
NCETw_02_2	156	Pulse	111	5297116	31922	0
NCETw_02_2	157	Picture	fixation	5315194	0	1	7500	1	0	7340	other	0
NCETw_02_2	157	Pulse	111	5322076	6882	0
NCETw_02_2	158	Picture	child_gender	5322861	0	1	50000	1	0	50000	incorrect	430
NCETw_02_2	158	Response	1	5338221	15360	1
NCETw_02_2	158	Pulse	111	5347115	24255	0
NCETw_02_2	158	Pulse	111	5372076	49215	0
NCETw_02_2	159	Picture	fixation	5372861	0	1	7500	1	0	7340	other	0
NCETw_02_2	160	Picture	child_gender	5380528	0	1	50000	1	0	50000	hit	435
NCETw_02_2	160	Response	2	5395747	15219	1
NCETw_02_2	160	Pulse	111	5397116	16588	0
NCETw_02_2	160	Pulse	111	5422076	41548	0
NCETw_02_2	161	Picture	fixation	5430528	0	1	7500	1	0	7340	other	0
NCETw_02_2	162	Picture	block split	5438195	0	1	120167	1	0	next	other	0
NCETw_02_2	162	Pulse	111	5447116	8921	0
NCETw_02_2	162	Pulse	111	5472076	33881	0
NCETw_02_2	162	Pulse	111	5497116	58921	0
NCETw_02_2	162	Pulse	111	5522076	83881	0
NCETw_02_2	162	Pulse	111	5547116	108921	0
NCETw_02_2	163	Picture	cue	5558362	0	1	7500	1	0	7340	other	0
NCETw_02_2	164	Picture	child_mind	5566029	0	1	50000	1	0	50000	hit	448
NCETw_02_2	164	Pulse	111	5572076	6047	0
NCETw_02_2	164	Response	1	5593621	27592	1
NCETw_02_2	164	Pulse	111	5597115	31086	0
NCETw_02_2	165	Picture	fixation	5616029	0	1	7500	1	0	7340	other	0
NCETw_02_2	165	Pulse	111	5622075	6046	0
NCETw_02_2	166	Picture	child_mind	5623696	0	1	50000	1	0	50000	incorrect	453
NCETw_02_2	166	Response	1	5635231	11536	1
NCETw_02_2	166	Pulse	111	5647035	23340	0
NCETw_02_2	166	Pulse	111	5672075	48380	0
NCETw_02_2	167	Picture	fixation	5673696	0	1	7500	1	0	7340	other	0
NCETw_02_2	168	Picture	child_mind	5681363	0	1	50000	1	0	50000	incorrect	459
NCETw_02_2	168	Pulse	111	5697115	15752	0
NCETw_02_2	168	Response	2	5698096	16733	1
NCETw_02_2	168	Pulse	111	5722075	40713	0
NCETw_02_2	169	Picture	fixation	5731363	0	1	7500	1	0	7340	other	0
NCETw_02_2	170	Picture	child_mind	5739030	0	1	50000	1	0	50000	incorrect	464
NCETw_02_2	170	Pulse	111	5747115	8086	0
NCETw_02_2	170	Response	2	5766049	27020	1
NCETw_02_2	170	Pulse	111	5772075	33045	0
NCETw_02_2	171	Picture	fixation	5789030	0	1	7500	1	0	7340	other	0
NCETw_02_2	172	Picture	block split	5796697	0	1	100167	1	0	next	other	0
NCETw_02_2	172	Pulse	111	5797115	419	0
NCETw_02_2	172	Pulse	111	5822075	25379	0
NCETw_02_2	172	Pulse	111	5847115	50419	0
NCETw_02_2	172	Pulse	111	5872075	75379	0
NCETw_02_2	173	Picture	cue	5896864	0	1	7500	1	0	7340	other	0
NCETw_02_2	173	Pulse	111	5897115	251	0
NCETw_02_2	174	Picture	adult_gender	5904530	0	1	50000	1	0	50000	incorrect	475
NCETw_02_2	174	Response	1	5916426	11896	1
NCETw_02_2	174	Pulse	111	5922075	17544	0
NCETw_02_2	174	Pulse	111	5947115	42585	0
NCETw_02_2	175	Picture	fixation	5954531	0	1	7500	1	0	7340	other	0
NCETw_02_2	176	Picture	adult_gender	5962197	0	1	50000	1	0	50000	hit	481
NCETw_02_2	176	Pulse	111	5972075	9877	0
NCETw_02_2	176	Response	1	5974202	12004	1
NCETw_02_2	176	Pulse	111	5997115	34918	0
NCETw_02_2	177	Picture	fixation	6012198	0	1	7500	1	0	7340	other	0
NCETw_02_2	178	Picture	adult_gender	6019864	0	1	50000	1	0	50000	hit	486
NCETw_02_2	178	Pulse	111	6022075	2211	0
NCETw_02_2	178	Response	2	6030231	10367	1
NCETw_02_2	178	Pulse	111	6047115	27251	0
NCETw_02_2	179	Picture	fixation	6069865	0	1	7500	1	0	7340	other	0
NCETw_02_2	179	Pulse	111	6072075	2211	0
NCETw_02_2	180	Picture	adult_gender	6077531	0	1	50000	1	0	50000	incorrect	491
NCETw_02_2	180	Response	1	6087857	10326	1
NCETw_02_2	180	Pulse	111	6097115	19584	0
NCETw_02_2	181	Picture	fixation	6127532	0	1	7500	1	0	7340	other	0
NCETw_02_2	182	Picture	block split	6135198	0	1	323124	1	0	next	other	0


{
   "app": "Presentation Version 20.1 Build 12.04.17",
   "device": "HP HP Z240 Tower Workstation",
   "experiment": "{D2308172-C925-4AB0-BB91-664CE85A0846}",
   "os": "Windows 10 64 bit",
   "package": "",
   "parameters": {
      "configuration": "Default configuration"
   },
   "scenario": "RMET_2_2.sce",
   "subject": "NCETw_02_2",
   "timestamp": "2018/05/16 10:01:40 GMT"
}
