Scenario - 
Logfile written - 05/16/2018 12:01:33

Subject	Trial	Event Type	Code	Time	TTime	Uncertainty	Duration	Uncertainty	ReqTime	ReqDur	Stim Type	Pair Index

NCETw_02_2	1	Response	2	54754	54588	1
NCETw_02_2	2	Response	1	81247	26247	1
NCETw_02_2	3	Response	1	95267	13767	1
NCETw_02_2	4	Response	2	116970	21470	1
NCETw_02_2	4	Response	2	116970	21470	1
NCETw_02_2	5	Picture	block split	117334	0	1	116501	1	0	next	other	0
NCETw_02_2	5	Response	1	119215	1882	1
NCETw_02_2	5	Pulse	111	233741	116407	0
NCETw_02_2	6	Picture	block split	233834	0	1	70167	1	0	next	other	0
NCETw_02_2	6	Pulse	111	258781	24946	0
NCETw_02_2	6	Pulse	111	283740	49906	0
NCETw_02_2	7	Picture	cue	304001	0	1	7500	1	0	7340	other	0
NCETw_02_2	7	Pulse	111	308780	4779	0
NCETw_02_2	8	Picture	adult_gender	311668	0	1	50000	1	0	50000	incorrect	16
NCETw_02_2	8	Pulse	111	333740	22072	0
NCETw_02_2	8	Response	1	356605	44936	1
NCETw_02_2	8	Pulse	111	358700	47032	0
NCETw_02_2	9	Picture	fixation	361668	0	1	7500	1	0	7340	other	0
NCETw_02_2	10	Picture	adult_gender	369335	0	1	50000	1	0	50000	incorrect	21
NCETw_02_2	10	Pulse	111	383740	14405	0
NCETw_02_2	10	Response	1	387089	17754	1
NCETw_02_2	10	Pulse	111	408700	39365	0
NCETw_02_2	11	Picture	fixation	419335	0	1	7500	1	0	7340	other	0
NCETw_02_2	12	Picture	adult_gender	427002	0	1	50000	1	0	50000	hit	26
NCETw_02_2	12	Pulse	111	433740	6738	0
NCETw_02_2	12	Response	1	440324	13322	1
NCETw_02_2	12	Pulse	111	458700	31698	0
NCETw_02_2	13	Picture	fixation	477002	0	1	7500	1	0	7340	other	0
NCETw_02_2	13	Pulse	111	483740	6738	0
NCETw_02_2	14	Picture	adult_gender	484669	0	1	50000	1	0	50000	incorrect	31
NCETw_02_2	14	Response	2	497402	12732	1
NCETw_02_2	14	Pulse	111	508780	24111	0
NCETw_02_2	14	Pulse	111	533740	49071	0
NCETw_02_2	15	Picture	fixation	534669	0	1	7500	1	0	7340	other	0
NCETw_02_2	16	Picture	block split	542336	0	1	100167	1	0	next	other	0
NCETw_02_2	16	Pulse	111	558780	16444	0
NCETw_02_2	16	Pulse	111	583740	41404	0
NCETw_02_2	16	Pulse	111	608701	66364	0
NCETw_02_2	16	Pulse	111	633740	91404	0
NCETw_02_2	17	Picture	cue	642503	0	1	7500	1	0	7340	other	0
NCETw_02_2	18	Picture	child_mind	650170	0	1	50000	1	0	50000	hit	44
NCETw_02_2	18	Pulse	111	658700	8530	0
NCETw_02_2	18	Pulse	111	683740	33570	0
NCETw_02_2	18	Response	2	687343	37173	1
NCETw_02_2	19	Picture	fixation	700170	0	1	7500	1	0	7340	other	0
NCETw_02_2	20	Picture	child_mind	707837	0	1	50000	1	0	50000	incorrect	49
NCETw_02_2	20	Pulse	111	708780	943	0
NCETw_02_2	20	Pulse	111	733740	25903	0
NCETw_02_2	20	Response	1	733893	26056	1
NCETw_02_2	21	Picture	fixation	757837	0	1	7500	1	0	7340	other	0
NCETw_02_2	21	Pulse	111	758780	943	0
NCETw_02_2	22	Picture	child_mind	765504	0	1	50000	1	0	50000	incorrect	54
NCETw_02_2	22	Pulse	111	783740	18236	0
NCETw_02_2	22	Response	1	801448	35944	1
NCETw_02_2	22	Pulse	111	808700	43196	0
NCETw_02_2	23	Picture	fixation	815504	0	1	7500	1	0	7340	other	0
NCETw_02_2	24	Picture	child_mind	823171	0	1	50000	1	0	50000	hit	59
NCETw_02_2	24	Pulse	111	833741	10570	0
NCETw_02_2	24	Response	2	841412	18241	1
NCETw_02_2	24	Pulse	111	858700	35529	0
NCETw_02_2	25	Picture	fixation	873171	0	1	7500	1	0	7340	other	0
NCETw_02_2	26	Picture	block split	880838	0	1	120167	1	0	next	other	0
NCETw_02_2	26	Pulse	111	883740	2902	0
NCETw_02_2	26	Pulse	111	908700	27862	0
NCETw_02_2	26	Pulse	111	933740	52902	0
NCETw_02_2	26	Pulse	111	958780	77942	0
NCETw_02_2	26	Pulse	111	983740	102902	0
NCETw_02_2	27	Picture	cue	1001005	0	1	7500	1	0	7340	other	0
NCETw_02_2	28	Picture	adult_mind	1008672	0	1	50000	1	0	50000	hit	72
NCETw_02_2	28	Pulse	111	1008780	108	0
NCETw_02_2	28	Pulse	111	1033740	25068	0
NCETw_02_2	28	Response	2	1045073	36401	1
NCETw_02_2	29	Picture	fixation	1058672	0	1	7500	1	0	7340	other	0
NCETw_02_2	29	Pulse	111	1058700	28	0
NCETw_02_2	30	Picture	adult_mind	1066339	0	1	50000	1	0	50000	hit	77
NCETw_02_2	30	Pulse	111	1083740	17401	0
NCETw_02_2	30	Response	2	1087282	20943	1
NCETw_02_2	30	Pulse	111	1108700	42361	0
NCETw_02_2	31	Picture	fixation	1116339	0	1	7500	1	0	7340	other	0
NCETw_02_2	32	Picture	adult_mind	1124006	0	1	50000	1	0	50000	hit	82
NCETw_02_2	32	Pulse	111	1133740	9734	0
NCETw_02_2	32	Response	2	1153739	29733	1
NCETw_02_2	32	Pulse	111	1158779	34774	0
NCETw_02_2	33	Picture	fixation	1174006	0	1	7500	1	0	7340	other	0
NCETw_02_2	34	Picture	adult_mind	1181673	0	1	50000	1	0	50000	incorrect	88
NCETw_02_2	34	Pulse	111	1183740	2067	0
NCETw_02_2	34	Pulse	111	1208779	27106	0
NCETw_02_2	34	Response	2	1209419	27747	1
NCETw_02_2	35	Picture	fixation	1231673	0	1	7500	1	0	7340	other	0
NCETw_02_2	35	Pulse	111	1233740	2067	0
NCETw_02_2	36	Picture	block split	1239340	0	1	100167	1	0	next	other	0
NCETw_02_2	36	Pulse	111	1258700	19360	0
NCETw_02_2	36	Pulse	111	1283740	44400	0
NCETw_02_2	36	Pulse	111	1308699	69360	0
NCETw_02_2	36	Pulse	111	1333739	94400	0
NCETw_02_2	37	Picture	cue	1339507	0	1	7500	1	0	7340	other	0
NCETw_02_2	38	Picture	child_gender	1347174	0	1	50000	1	0	50000	incorrect	100
NCETw_02_2	38	Pulse	111	1358779	11606	0
NCETw_02_2	38	Pulse	111	1383739	36566	0
NCETw_02_2	38	Response	2	1392426	45252	1
NCETw_02_2	39	Picture	fixation	1397174	0	1	7500	1	0	7340	other	0
NCETw_02_2	40	Picture	child_gender	1404841	0	1	50000	1	0	50000	incorrect	104
NCETw_02_2	40	Pulse	111	1408779	3939	0
NCETw_02_2	40	Response	2	1422311	17471	1
NCETw_02_2	40	Pulse	111	1433739	28899	0
NCETw_02_2	41	Picture	fixation	1454841	0	1	7500	1	0	7340	other	0
NCETw_02_2	41	Pulse	111	1458780	3939	0
NCETw_02_2	42	Picture	child_gender	1462507	0	1	50000	1	0	50000	incorrect	110
NCETw_02_2	42	Pulse	111	1483739	21231	0
NCETw_02_2	42	Response	1	1485026	22519	1
NCETw_02_2	42	Pulse	111	1508699	46192	0
NCETw_02_2	43	Picture	fixation	1512508	0	1	7500	1	0	7340	other	0
NCETw_02_2	44	Picture	child_gender	1520174	0	1	50000	1	0	50000	hit	114
NCETw_02_2	44	Response	1	1531477	11302	1
NCETw_02_2	44	Pulse	111	1533739	13565	0
NCETw_02_2	44	Pulse	111	1558699	38525	0
NCETw_02_2	45	Picture	fixation	1570175	0	1	7500	1	0	7340	other	0
NCETw_02_2	46	Picture	block split	1577841	0	1	70167	1	0	next	other	0
NCETw_02_2	46	Pulse	111	1583739	5898	0
NCETw_02_2	46	Pulse	111	1608779	30938	0
NCETw_02_2	46	Pulse	111	1633739	55898	0
NCETw_02_2	47	Picture	cue	1648008	0	1	7500	1	0	7340	other	0
NCETw_02_2	48	Picture	adult_mind	1655675	0	1	50000	1	0	50000	incorrect	125
NCETw_02_2	48	Pulse	111	1658779	3104	0
NCETw_02_2	48	Response	1	1681753	26078	1
NCETw_02_2	48	Pulse	111	1683739	28064	0
NCETw_02_2	49	Picture	fixation	1705675	0	1	7667	1	0	7340	other	0
NCETw_02_2	49	Pulse	111	1708699	3024	0
NCETw_02_2	50	Picture	adult_mind	1713509	0	1	50000	1	0	50000	incorrect	131
NCETw_02_2	50	Pulse	111	1733739	20231	0
NCETw_02_2	50	Response	2	1736635	23126	1
NCETw_02_2	50	Pulse	111	1758699	45190	0
NCETw_02_2	51	Picture	fixation	1763509	0	1	7500	1	0	7340	other	0
NCETw_02_2	52	Picture	adult_mind	1771176	0	1	50000	1	0	50000	hit	136
NCETw_02_2	52	Pulse	111	1783739	12563	0
NCETw_02_2	52	Response	1	1796456	25280	1
NCETw_02_2	52	Pulse	111	1808779	37603	0
NCETw_02_2	53	Picture	fixation	1821176	0	1	7500	1	0	7340	other	0
NCETw_02_2	54	Picture	adult_mind	1828843	0	1	50000	1	0	50000	incorrect	141
NCETw_02_2	54	Pulse	111	1833739	4896	0
NCETw_02_2	54	Response	2	1857725	28882	1
NCETw_02_2	54	Pulse	111	1858779	29936	0
NCETw_02_2	55	Picture	fixation	1878843	0	1	7500	1	0	7340	other	0
NCETw_02_2	55	Pulse	111	1883739	4896	0
NCETw_02_2	56	Picture	block split	1886510	0	1	70167	1	0	next	other	0
NCETw_02_2	56	Pulse	111	1908779	22270	0
NCETw_02_2	56	Pulse	111	1933739	47230	0
NCETw_02_2	57	Picture	cue	1956677	0	1	7500	1	0	7340	other	0
NCETw_02_2	57	Pulse	111	1958699	2022	0
NCETw_02_2	58	Picture	child_gender	1964343	0	1	50000	1	0	50000	hit	153
NCETw_02_2	58	Pulse	111	1983739	19396	0
NCETw_02_2	58	Pulse	111	2008699	44355	0
NCETw_02_2	58	Response	1	2009049	44705	1
NCETw_02_2	59	Picture	fixation	2014344	0	1	7500	1	0	7340	other	0
NCETw_02_2	60	Picture	child_gender	2022010	0	1	50000	1	0	50000	hit	157
NCETw_02_2	60	Pulse	111	2033739	11729	0
NCETw_02_2	60	Response	1	2039633	17622	1
NCETw_02_2	60	Pulse	111	2058779	36769	0
NCETw_02_2	61	Picture	fixation	2072011	0	1	7500	1	0	7340	other	0
NCETw_02_2	62	Picture	child_gender	2079677	0	1	50000	1	0	50000	hit	163
NCETw_02_2	62	Pulse	111	2083739	4062	0
NCETw_02_2	62	Pulse	111	2108779	29102	0
NCETw_02_2	62	Response	2	2127394	47717	1
NCETw_02_2	63	Picture	fixation	2129678	0	1	7500	1	0	7340	other	0
NCETw_02_2	63	Pulse	111	2133739	4061	0
NCETw_02_2	64	Picture	child_gender	2137344	0	1	50000	1	0	50000	hit	167
NCETw_02_2	64	Response	2	2157380	20035	1
NCETw_02_2	64	Pulse	111	2158699	21354	0
NCETw_02_2	64	Pulse	111	2183739	46395	0
NCETw_02_2	65	Picture	fixation	2187345	0	1	7500	1	0	7340	other	0
NCETw_02_2	66	Picture	block split	2195011	0	1	120167	1	0	next	other	0
NCETw_02_2	66	Pulse	111	2208699	13688	0
NCETw_02_2	66	Pulse	111	2233739	38727	0
NCETw_02_2	66	Pulse	111	2258779	63767	0
NCETw_02_2	66	Pulse	111	2283739	88727	0
NCETw_02_2	66	Pulse	111	2308779	113767	0
NCETw_02_2	67	Picture	cue	2315179	0	1	7500	1	0	7340	other	0
NCETw_02_2	68	Picture	adult_gender	2322845	0	1	50000	1	0	50000	hit	180
NCETw_02_2	68	Pulse	111	2333739	10894	0
NCETw_02_2	68	Response	2	2345574	22729	1
NCETw_02_2	68	Pulse	111	2358779	35933	0
NCETw_02_2	69	Picture	fixation	2372846	0	1	7500	1	0	7340	other	0
NCETw_02_2	70	Picture	adult_gender	2380512	0	1	50000	1	0	50000	hit	185
NCETw_02_2	70	Pulse	111	2383739	3226	0
NCETw_02_2	70	Response	1	2394669	14156	1
NCETw_02_2	70	Pulse	111	2408699	28186	0
NCETw_02_2	71	Picture	fixation	2430513	0	1	7500	1	0	7340	other	0
NCETw_02_2	71	Pulse	111	2433739	3226	0
NCETw_02_2	72	Picture	adult_gender	2438179	0	1	50000	1	0	50000	hit	190
NCETw_02_2	72	Response	2	2451846	13667	1
NCETw_02_2	72	Pulse	111	2458779	20599	0
NCETw_02_2	72	Pulse	111	2483739	45559	0
NCETw_02_2	73	Picture	fixation	2488179	0	1	7500	1	0	7340	other	0
NCETw_02_2	74	Picture	adult_gender	2495846	0	1	50000	1	0	50000	hit	196
NCETw_02_2	74	Pulse	111	2508779	12933	0
NCETw_02_2	74	Response	2	2509622	13775	1
NCETw_02_2	74	Pulse	111	2533739	37892	0
NCETw_02_2	75	Picture	fixation	2545846	0	1	7500	1	0	7340	other	0
NCETw_02_2	76	Picture	block split	2553513	0	1	120167	1	0	next	other	0
NCETw_02_2	76	Pulse	111	2558779	5266	0
NCETw_02_2	76	Pulse	111	2583738	30225	0
NCETw_02_2	76	Pulse	111	2608698	55185	0
NCETw_02_2	76	Pulse	111	2633739	80226	0
NCETw_02_2	76	Pulse	111	2658699	105186	0
NCETw_02_2	77	Picture	cue	2673680	0	1	7500	1	0	7340	other	0
NCETw_02_2	78	Picture	child_mind	2681347	0	1	50000	1	0	50000	hit	208
NCETw_02_2	78	Pulse	111	2683738	2391	0
NCETw_02_2	78	Response	1	2699064	17716	1
NCETw_02_2	78	Pulse	111	2708778	27431	0
NCETw_02_2	79	Picture	fixation	2731347	0	1	7500	1	0	7340	other	0
NCETw_02_2	79	Pulse	111	2733738	2391	0
NCETw_02_2	80	Picture	child_mind	2739014	0	1	50000	1	0	50000	hit	213
NCETw_02_2	80	Response	1	2756390	17376	1
NCETw_02_2	80	Pulse	111	2758778	19764	0
NCETw_02_2	80	Pulse	111	2783738	44724	0
NCETw_02_2	81	Picture	fixation	2789014	0	1	7500	1	0	7340	other	0
NCETw_02_2	82	Picture	child_mind	2796681	0	1	50000	1	0	50000	incorrect	219
NCETw_02_2	82	Pulse	111	2808778	12097	0
NCETw_02_2	82	Response	2	2817509	20828	1
NCETw_02_2	82	Pulse	111	2833739	37058	0
NCETw_02_2	83	Picture	fixation	2846681	0	1	7500	1	0	7340	other	0
NCETw_02_2	84	Picture	child_mind	2854348	0	1	50000	1	0	50000	incorrect	224
NCETw_02_2	84	Pulse	111	2858698	4350	0
NCETw_02_2	84	Response	1	2879575	25227	1
NCETw_02_2	84	Pulse	111	2883738	29390	0
NCETw_02_2	85	Picture	fixation	2904348	0	1	7500	1	0	7340	other	0
NCETw_02_2	85	Pulse	111	2908779	4430	0
NCETw_02_2	86	Picture	block split	2912015	0	1	100167	1	0	next	other	0
NCETw_02_2	86	Pulse	111	2933738	21723	0
NCETw_02_2	86	Pulse	111	2958778	46763	0
NCETw_02_2	86	Pulse	111	2983738	71723	0
NCETw_02_2	86	Pulse	111	3008778	96763	0
NCETw_02_2	87	Picture	cue	3012182	0	1	7500	1	0	7340	other	0
NCETw_02_2	88	Picture	adult_gender	3019849	0	1	50000	1	0	50000	hit	236
NCETw_02_2	88	Pulse	111	3033738	13889	0
NCETw_02_2	88	Response	1	3043522	23674	1
NCETw_02_2	88	Pulse	111	3058698	38849	0
NCETw_02_2	89	Picture	fixation	3069849	0	1	7500	1	0	7340	other	0
NCETw_02_2	90	Picture	adult_gender	3077516	0	1	50000	1	0	50000	incorrect	241
NCETw_02_2	90	Pulse	111	3083738	6222	0
NCETw_02_2	90	Response	1	3090671	13155	1
NCETw_02_2	90	Pulse	111	3108698	31182	0
NCETw_02_2	91	Picture	fixation	3127516	0	1	7500	1	0	7340	other	0
NCETw_02_2	91	Pulse	111	3133738	6222	0
NCETw_02_2	92	Picture	adult_gender	3135183	0	1	50000	1	0	50000	incorrect	246
NCETw_02_2	92	Response	2	3147349	12166	1
NCETw_02_2	92	Pulse	111	3158778	23595	0
NCETw_02_2	92	Pulse	111	3183738	48555	0
NCETw_02_2	93	Picture	fixation	3185183	0	1	7500	1	0	7340	other	0
NCETw_02_2	94	Picture	adult_gender	3192850	0	1	50000	1	0	50000	hit	251
NCETw_02_2	94	Response	1	3204676	11826	1
NCETw_02_2	94	Pulse	111	3208777	15928	0
NCETw_02_2	94	Pulse	111	3233738	40888	0
NCETw_02_2	95	Picture	fixation	3242850	0	1	7500	1	0	7340	other	0
NCETw_02_2	96	Picture	block split	3250517	0	1	70167	1	0	next	other	0
NCETw_02_2	96	Pulse	111	3258778	8261	0
NCETw_02_2	96	Pulse	111	3283738	33221	0
NCETw_02_2	96	Pulse	111	3308698	58181	0
NCETw_02_2	97	Picture	cue	3320684	0	1	7500	1	0	7340	other	0
NCETw_02_2	98	Picture	adult_mind	3328350	0	1	50000	1	0	50000	hit	262
NCETw_02_2	98	Pulse	111	3333738	5387	0
NCETw_02_2	98	Response	2	3352158	23808	1
NCETw_02_2	98	Pulse	111	3358778	30427	0
NCETw_02_2	99	Picture	fixation	3378351	0	1	7500	1	0	7340	other	0
NCETw_02_2	99	Pulse	111	3383738	5387	0
NCETw_02_2	100	Picture	adult_mind	3386017	0	1	50000	1	0	50000	miss	0
NCETw_02_2	100	Pulse	111	3408778	22760	0
NCETw_02_2	100	Pulse	111	3433738	47720	0
NCETw_02_2	101	Picture	fixation	3436018	0	1	7500	1	0	7340	other	0
NCETw_02_2	101	Response	1	3437176	1158	1
NCETw_02_2	102	Picture	adult_mind	3443684	0	1	50000	1	0	50000	hit	273
NCETw_02_2	102	Pulse	111	3458778	15093	0
NCETw_02_2	102	Response	1	3461423	17739	1
NCETw_02_2	102	Pulse	111	3483737	40053	0
NCETw_02_2	103	Picture	fixation	3493685	0	1	7500	1	0	7340	other	0
NCETw_02_2	104	Picture	adult_mind	3501351	0	1	50000	1	0	50000	incorrect	278
NCETw_02_2	104	Pulse	111	3508698	7347	0
NCETw_02_2	104	Response	1	3516455	15103	1
NCETw_02_2	104	Pulse	111	3533738	32386	0
NCETw_02_2	105	Picture	fixation	3551352	0	1	7500	1	0	7340	other	0
NCETw_02_2	105	Pulse	111	3558697	7345	1
NCETw_02_2	106	Picture	block split	3559018	0	1	100167	1	0	next	other	0
NCETw_02_2	106	Pulse	111	3583737	24719	0
NCETw_02_2	106	Pulse	111	3608777	49759	0
NCETw_02_2	106	Pulse	111	3633737	74719	0
NCETw_02_2	106	Pulse	111	3658777	99759	0
NCETw_02_2	107	Picture	cue	3659185	0	1	7500	1	0	7340	other	0
NCETw_02_2	108	Picture	child_mind	3666852	0	1	50000	1	0	50000	incorrect	290
NCETw_02_2	108	Pulse	111	3683738	16885	0
NCETw_02_2	108	Response	2	3701557	34704	1
NCETw_02_2	108	Pulse	111	3708777	41925	0
NCETw_02_2	109	Picture	fixation	3716852	0	1	7500	1	0	7340	other	0
NCETw_02_2	110	Picture	child_mind	3724519	0	1	50000	1	0	50000	hit	295
NCETw_02_2	110	Pulse	111	3733737	9218	0
NCETw_02_2	110	Response	1	3739326	14807	1
NCETw_02_2	110	Pulse	111	3758697	34178	0
NCETw_02_2	111	Picture	fixation	3774519	0	1	7500	1	0	7340	other	0
NCETw_02_2	112	Picture	child_mind	3782186	0	1	50000	1	0	50000	hit	300
NCETw_02_2	112	Pulse	111	3783737	1551	0
NCETw_02_2	112	Response	2	3805483	23297	1
NCETw_02_2	112	Pulse	111	3808777	26591	0
NCETw_02_2	113	Picture	fixation	3832186	0	1	7500	1	0	7340	other	0
NCETw_02_2	113	Pulse	111	3833737	1551	0
NCETw_02_2	114	Picture	child_mind	3839853	0	1	50000	1	0	50000	hit	306
NCETw_02_2	114	Pulse	111	3858777	18924	0
NCETw_02_2	114	Response	1	3868497	28644	1
NCETw_02_2	114	Pulse	111	3883737	43884	0
NCETw_02_2	115	Picture	fixation	3889853	0	1	7500	1	0	7340	other	0
NCETw_02_2	116	Picture	block split	3897520	0	1	70167	1	0	next	other	0
NCETw_02_2	116	Pulse	111	3908777	11257	0
NCETw_02_2	116	Pulse	111	3933737	36217	0
NCETw_02_2	116	Pulse	111	3958697	61177	0
NCETw_02_2	117	Picture	cue	3967687	0	1	7500	1	0	7340	other	0
NCETw_02_2	118	Picture	adult_gender	3975354	0	1	50000	1	0	50000	hit	316
NCETw_02_2	118	Pulse	111	3983737	8383	0
NCETw_02_2	118	Response	1	3994925	19571	1
NCETw_02_2	118	Pulse	111	4008777	33423	0
NCETw_02_2	119	Picture	fixation	4025354	0	1	7500	1	0	7340	other	0
NCETw_02_2	120	Picture	adult_gender	4033021	0	1	50000	1	0	50000	incorrect	321
NCETw_02_2	120	Pulse	111	4033737	716	0
NCETw_02_2	120	Response	2	4048460	15439	1
NCETw_02_2	120	Pulse	111	4058777	25756	0
NCETw_02_2	121	Picture	fixation	4083021	0	1	7500	1	0	7340	other	0
NCETw_02_2	121	Pulse	111	4083737	716	0
NCETw_02_2	122	Picture	adult_gender	4090688	0	1	50000	1	0	50000	hit	326
NCETw_02_2	122	Response	1	4104190	13502	1
NCETw_02_2	122	Pulse	111	4108777	18089	0
NCETw_02_2	122	Pulse	111	4133737	43049	0
NCETw_02_2	123	Picture	fixation	4140688	0	1	7500	1	0	7340	other	0
NCETw_02_2	124	Picture	adult_gender	4148355	0	1	50000	1	0	50000	hit	332
NCETw_02_2	124	Pulse	111	4158777	10422	0
NCETw_02_2	124	Response	1	4161716	13362	1
NCETw_02_2	124	Pulse	111	4183737	35382	0
NCETw_02_2	125	Picture	fixation	4198355	0	1	7500	1	0	7340	other	0
NCETw_02_2	126	Picture	block split	4206022	0	1	120167	1	0	next	other	0
NCETw_02_2	126	Pulse	111	4208697	2675	0
NCETw_02_2	126	Pulse	111	4233737	27715	0
NCETw_02_2	126	Pulse	111	4258777	52755	0
NCETw_02_2	126	Pulse	111	4283737	77715	0
NCETw_02_2	126	Pulse	111	4308777	102755	0
NCETw_02_2	127	Picture	cue	4326189	0	1	7500	1	0	7340	other	0
NCETw_02_2	127	Pulse	111	4333737	7548	1
NCETw_02_2	128	Picture	child_mind	4333856	0	1	50000	1	0	50000	incorrect	344
NCETw_02_2	128	Response	1	4348065	14210	1
NCETw_02_2	128	Pulse	111	4358777	24921	0
NCETw_02_2	128	Pulse	111	4383737	49881	1
NCETw_02_2	129	Picture	fixation	4383856	0	1	7500	1	0	7340	other	0
NCETw_02_2	130	Picture	child_mind	4391523	0	1	50000	1	0	50000	hit	350
NCETw_02_2	130	Pulse	111	4408777	17254	0
NCETw_02_2	130	Response	1	4422056	30533	1
NCETw_02_2	130	Pulse	111	4433737	42214	0
NCETw_02_2	131	Picture	fixation	4441523	0	1	7500	1	0	7340	other	0
NCETw_02_2	132	Picture	child_mind	4449190	0	1	50000	1	0	50000	hit	355
NCETw_02_2	132	Pulse	111	4458776	9587	0
NCETw_02_2	132	Response	1	4461222	12032	1
NCETw_02_2	132	Pulse	111	4483737	34547	0
NCETw_02_2	133	Picture	fixation	4499190	0	1	7500	1	0	7340	other	0
NCETw_02_2	134	Picture	child_mind	4506857	0	1	50000	1	0	50000	incorrect	361
NCETw_02_2	134	Pulse	111	4508777	1920	0
NCETw_02_2	134	Pulse	111	4533737	26880	0
NCETw_02_2	134	Response	1	4539653	32796	1
NCETw_02_2	135	Picture	fixation	4556857	0	1	7500	1	0	7340	other	0
NCETw_02_2	135	Pulse	111	4558777	1920	0
NCETw_02_2	136	Picture	block split	4564524	0	1	100167	1	0	next	other	0
NCETw_02_2	136	Pulse	111	4583737	19213	0
NCETw_02_2	136	Pulse	111	4608777	44253	0
NCETw_02_2	136	Pulse	111	4633737	69213	0
NCETw_02_2	136	Pulse	111	4658697	94173	0
NCETw_02_2	137	Picture	cue	4664691	0	1	7500	1	0	7340	other	0
NCETw_02_2	138	Picture	child_gender	4672357	0	1	50000	1	0	50000	hit	372
NCETw_02_2	138	Pulse	111	4683737	11380	0
NCETw_02_2	138	Response	2	4691377	19019	1
NCETw_02_2	138	Pulse	111	4708777	36420	0
NCETw_02_2	139	Picture	fixation	4722358	0	1	7500	1	0	7340	other	0
NCETw_02_2	140	Picture	child_gender	4730024	0	1	50000	1	0	50000	hit	377
NCETw_02_2	140	Pulse	111	4733737	3712	0
NCETw_02_2	140	Response	1	4741469	11445	1
NCETw_02_2	140	Pulse	111	4758777	28752	0
NCETw_02_2	141	Picture	fixation	4780025	0	1	7500	1	0	7340	other	0
NCETw_02_2	141	Pulse	111	4783736	3712	0
NCETw_02_2	142	Picture	child_gender	4787691	0	1	50000	1	0	50000	incorrect	383
NCETw_02_2	142	Pulse	111	4808776	21085	0
NCETw_02_2	142	Response	2	4810770	23078	1
NCETw_02_2	142	Pulse	111	4833737	46045	0
NCETw_02_2	143	Picture	fixation	4837692	0	1	7500	1	0	7340	other	0
NCETw_02_2	144	Picture	child_gender	4845358	0	1	50000	1	0	50000	incorrect	388
NCETw_02_2	144	Pulse	111	4858776	13418	0
NCETw_02_2	144	Response	2	4861261	15903	1
NCETw_02_2	144	Pulse	111	4883737	38378	0
NCETw_02_2	145	Picture	fixation	4895359	0	1	7500	1	0	7340	other	0
NCETw_02_2	146	Picture	block split	4903025	0	1	70167	1	0	next	other	0
NCETw_02_2	146	Pulse	111	4908776	5751	0
NCETw_02_2	146	Pulse	111	4933736	30711	0
NCETw_02_2	146	Pulse	111	4958776	55751	0
NCETw_02_2	147	Picture	cue	4973192	0	1	7500	1	0	7340	other	0
NCETw_02_2	148	Picture	adult_mind	4980859	0	1	50000	1	0	50000	hit	398
NCETw_02_2	148	Pulse	111	4983737	2878	0
NCETw_02_2	148	Response	1	4997817	16958	1
NCETw_02_2	148	Pulse	111	5008776	27917	0
NCETw_02_2	149	Picture	fixation	5030859	0	1	7500	1	0	7340	other	0
NCETw_02_2	149	Pulse	111	5033736	2877	0
NCETw_02_2	150	Picture	adult_mind	5038526	0	1	50000	1	0	50000	hit	404
NCETw_02_2	150	Pulse	111	5058776	20251	0
NCETw_02_2	150	Response	2	5068016	29490	1
NCETw_02_2	150	Pulse	111	5083737	45211	0
NCETw_02_2	151	Picture	fixation	5088526	0	1	7500	1	0	7340	other	0
NCETw_02_2	152	Picture	adult_mind	5096193	0	1	50000	1	0	50000	hit	409
NCETw_02_2	152	Pulse	111	5108776	12583	0
NCETw_02_2	152	Response	1	5111223	15030	1
NCETw_02_2	152	Pulse	111	5133737	37544	0
NCETw_02_2	153	Picture	fixation	5146193	0	1	7500	1	0	7340	other	0
NCETw_02_2	154	Picture	adult_mind	5153860	0	1	50000	1	0	50000	hit	414
NCETw_02_2	154	Pulse	111	5158776	4916	0
NCETw_02_2	154	Response	1	5175684	21824	1
NCETw_02_2	154	Pulse	111	5183736	29876	0
NCETw_02_2	155	Picture	fixation	5203860	0	1	7500	1	0	7340	other	0
NCETw_02_2	155	Pulse	111	5208776	4916	0
NCETw_02_2	156	Picture	block split	5211527	0	1	100167	1	0	next	other	0
NCETw_02_2	156	Pulse	111	5233736	22210	0
NCETw_02_2	156	Pulse	111	5258776	47249	0
NCETw_02_2	156	Pulse	111	5283736	72209	0
NCETw_02_2	156	Pulse	111	5308776	97249	0
NCETw_02_2	157	Picture	cue	5311694	0	1	7500	1	0	7340	other	0
NCETw_02_2	158	Picture	child_gender	5319361	0	1	50000	1	0	50000	incorrect	426
NCETw_02_2	158	Pulse	111	5333736	14376	0
NCETw_02_2	158	Response	1	5336289	16928	1
NCETw_02_2	158	Pulse	111	5358776	39415	0
NCETw_02_2	159	Picture	fixation	5369361	0	1	7500	1	0	7340	other	0
NCETw_02_2	160	Picture	child_gender	5377028	0	1	50000	1	0	50000	incorrect	431
NCETw_02_2	160	Pulse	111	5383736	6709	0
NCETw_02_2	160	Response	2	5389873	12846	1
NCETw_02_2	160	Pulse	111	5408776	31749	0
NCETw_02_2	161	Picture	fixation	5427028	0	1	7500	1	0	7340	other	0
NCETw_02_2	161	Pulse	111	5433736	6708	0
NCETw_02_2	162	Picture	child_gender	5434695	0	1	50000	1	0	50000	incorrect	436
NCETw_02_2	162	Response	1	5449445	14751	1
NCETw_02_2	162	Pulse	111	5458776	24081	0
NCETw_02_2	162	Pulse	111	5483736	49041	0
NCETw_02_2	163	Picture	fixation	5484695	0	1	7500	1	0	7340	other	0
NCETw_02_2	164	Picture	child_gender	5492362	0	1	50000	1	0	50000	hit	441
NCETw_02_2	164	Response	2	5506323	13961	1
NCETw_02_2	164	Pulse	111	5508776	16414	0
NCETw_02_2	164	Pulse	111	5533736	41375	0
NCETw_02_2	165	Picture	fixation	5542362	0	1	7500	1	0	7340	other	0
NCETw_02_2	166	Picture	block split	5550029	0	1	120167	1	0	next	other	0
NCETw_02_2	166	Pulse	111	5558776	8748	0
NCETw_02_2	166	Pulse	111	5583736	33707	0
NCETw_02_2	166	Pulse	111	5608776	58747	0
NCETw_02_2	166	Pulse	111	5633736	83707	0
NCETw_02_2	166	Pulse	111	5658776	108747	0
NCETw_02_2	167	Picture	cue	5670196	0	1	7500	1	0	7340	other	0
NCETw_02_2	168	Picture	child_mind	5677863	0	1	50000	1	0	50000	hit	455
NCETw_02_2	168	Pulse	111	5683736	5874	0
NCETw_02_2	168	Pulse	111	5708776	30913	0
NCETw_02_2	168	Response	1	5709935	32072	1
NCETw_02_2	169	Picture	fixation	5727863	0	1	7500	1	0	7340	other	0
NCETw_02_2	169	Pulse	111	5733736	5873	0
NCETw_02_2	170	Picture	child_mind	5735530	0	1	50000	1	0	50000	incorrect	459
NCETw_02_2	170	Response	1	5751296	15766	1
NCETw_02_2	170	Pulse	111	5758776	23246	0
NCETw_02_2	170	Pulse	111	5783736	48206	0
NCETw_02_2	171	Picture	fixation	5785530	0	1	7500	1	0	7340	other	0
NCETw_02_2	172	Picture	child_mind	5793197	0	1	50000	1	0	50000	incorrect	465
NCETw_02_2	172	Pulse	111	5808775	15578	0
NCETw_02_2	172	Response	2	5810169	16972	1
NCETw_02_2	172	Pulse	111	5833736	40539	0
NCETw_02_2	173	Picture	fixation	5843197	0	1	7500	1	0	7340	other	0
NCETw_02_2	174	Picture	child_mind	5850864	0	1	50000	1	0	50000	incorrect	470
NCETw_02_2	174	Pulse	111	5858776	7912	0
NCETw_02_2	174	Response	2	5882314	31450	1
NCETw_02_2	174	Pulse	111	5883736	32872	0
NCETw_02_2	175	Picture	fixation	5900864	0	1	7500	1	0	7340	other	0
NCETw_02_2	176	Picture	block split	5908530	0	1	100167	1	0	next	other	0
NCETw_02_2	176	Pulse	111	5908776	246	0
NCETw_02_2	176	Pulse	111	5933736	25205	0
NCETw_02_2	176	Pulse	111	5958776	50245	0
NCETw_02_2	176	Pulse	111	5983736	75205	0
NCETw_02_2	177	Picture	cue	6008698	0	1	7500	1	0	7340	other	0
NCETw_02_2	177	Pulse	111	6008775	78	0
NCETw_02_2	178	Picture	adult_gender	6016364	0	1	50000	1	0	50000	incorrect	481
NCETw_02_2	178	Response	1	6032840	16476	1
NCETw_02_2	178	Pulse	111	6033736	17371	0
NCETw_02_2	178	Pulse	111	6058776	42411	0
NCETw_02_2	179	Picture	fixation	6066365	0	1	7500	1	0	7340	other	0
NCETw_02_2	180	Picture	adult_gender	6074031	0	1	50000	1	0	50000	hit	487
NCETw_02_2	180	Pulse	111	6083735	9704	0
NCETw_02_2	180	Response	1	6085676	11645	1
NCETw_02_2	180	Pulse	111	6108775	34744	0
NCETw_02_2	181	Picture	fixation	6124032	0	1	7500	1	0	7340	other	0
NCETw_02_2	182	Picture	adult_gender	6131698	0	1	50000	1	0	50000	hit	492
NCETw_02_2	182	Pulse	111	6133735	2037	0
NCETw_02_2	182	Response	2	6142653	10955	1
NCETw_02_2	182	Pulse	111	6158776	27077	0
NCETw_02_2	183	Picture	fixation	6181699	0	1	7500	1	0	7340	other	0
NCETw_02_2	183	Pulse	111	6183735	2037	0
NCETw_02_2	184	Picture	adult_gender	6189365	0	1	50000	1	0	50000	incorrect	497
NCETw_02_2	184	Response	1	6201128	11762	1
NCETw_02_2	184	Pulse	111	6208775	19410	0
NCETw_02_2	185	Picture	fixation	6239366	0	1	7500	1	0	7340	other	0
NCETw_02_2	186	Picture	block split	6247032	0	1	324899	1	0	next	other	0
NCETw_02_2	186	Response	1	6281056	34023	1
NCETw_02_2	186	Response	1	6455630	208598	1


{
   "app": "Presentation Version 20.1 Build 12.04.17",
   "device": "HP HP Z240 Tower Workstation",
   "experiment": "{D2308172-C925-4AB0-BB91-664CE85A0846}",
   "os": "Windows 10 64 bit",
   "package": "",
   "parameters": {
      "configuration": "Default configuration"
   },
   "scenario": "RMET_2_1.sce",
   "subject": "NCETw_02_2",
   "timestamp": "2018/05/16 09:50:27 GMT"
}
