Scenario - 
Logfile written - 05/16/2018 11:16:40

Subject	Trial	Event Type	Code	Time	TTime	Uncertainty	Duration	Uncertainty	ReqTime	ReqDur	Stim Type	Pair Index

NCETw_01_1	1	Picture	block split	167	0	1	107001	1	0	next	other	0
NCETw_01_1	1	Pulse	111	107035	106868	0
NCETw_01_1	2	Picture	block split	107167	0	1	70167	1	0	next	other	0
NCETw_01_1	2	Pulse	111	132075	24907	0
NCETw_01_1	2	Pulse	111	157034	49867	0
NCETw_01_1	3	Picture	cue	177334	0	1	7500	1	0	7340	other	0
NCETw_01_1	3	Pulse	111	182075	4740	0
NCETw_01_1	4	Picture	adult_mind	185001	0	1	50000	1	0	50000	incorrect	10
NCETw_01_1	4	Pulse	111	207034	22034	0
NCETw_01_1	4	Response	2	230677	45676	1
NCETw_01_1	4	Pulse	111	232074	47073	0
NCETw_01_1	5	Picture	fixation	235001	0	1	7500	1	0	7340	other	0
NCETw_01_1	6	Picture	adult_mind	242668	0	1	50000	1	0	50000	incorrect	15
NCETw_01_1	6	Pulse	111	257034	14367	0
NCETw_01_1	6	Response	1	269593	26926	1
NCETw_01_1	6	Pulse	111	282074	39407	0
NCETw_01_1	7	Picture	fixation	292668	0	1	7500	1	0	7340	other	0
NCETw_01_1	8	Picture	adult_mind	300335	0	1	50000	1	0	50000	incorrect	21
NCETw_01_1	8	Pulse	111	307035	6700	0
NCETw_01_1	8	Pulse	111	332074	31740	0
NCETw_01_1	8	Response	2	336051	35716	1
NCETw_01_1	8	Response	2	341439	41104	1
NCETw_01_1	9	Picture	fixation	350335	0	1	7500	1	0	7340	other	0
NCETw_01_1	9	Pulse	111	357034	6699	0
NCETw_01_1	10	Picture	adult_mind	358002	0	1	50000	1	0	50000	hit	27
NCETw_01_1	10	Pulse	111	382074	24073	0
NCETw_01_1	10	Response	2	396471	38469	1
NCETw_01_1	10	Pulse	111	407034	49032	0
NCETw_01_1	11	Picture	fixation	408002	0	1	7500	1	0	7340	other	0
NCETw_01_1	12	Picture	block split	415669	0	1	100167	1	0	next	other	0
NCETw_01_1	12	Pulse	111	432074	16406	0
NCETw_01_1	12	Pulse	111	457034	41365	0
NCETw_01_1	12	Pulse	111	482074	66405	0
NCETw_01_1	12	Pulse	111	507034	91365	0
NCETw_01_1	13	Picture	cue	515836	0	1	7500	1	0	7340	other	0
NCETw_01_1	14	Picture	child_gender	523503	0	1	50000	1	0	50000	incorrect	38
NCETw_01_1	14	Pulse	111	532074	8571	0
NCETw_01_1	14	Response	1	550888	27385	1
NCETw_01_1	14	Pulse	111	557034	33531	0
NCETw_01_1	15	Picture	fixation	573503	0	1	7500	1	0	7340	other	0
NCETw_01_1	16	Picture	child_gender	581170	0	1	50000	1	0	50000	hit	44
NCETw_01_1	16	Pulse	111	582074	904	0
NCETw_01_1	16	Pulse	111	607034	25865	0
NCETw_01_1	16	Response	2	609861	28691	1
NCETw_01_1	17	Picture	fixation	631170	0	1	7500	1	0	7340	other	0
NCETw_01_1	17	Pulse	111	632074	904	0
NCETw_01_1	18	Picture	child_gender	638837	0	1	50000	1	0	50000	incorrect	48
NCETw_01_1	18	Response	2	655912	17076	1
NCETw_01_1	18	Pulse	111	657034	18197	0
NCETw_01_1	18	Pulse	111	682074	43238	0
NCETw_01_1	19	Picture	fixation	688837	0	1	7500	1	0	7340	other	0
NCETw_01_1	20	Picture	child_gender	696504	0	1	50000	1	0	50000	hit	54
NCETw_01_1	20	Pulse	111	707034	10531	0
NCETw_01_1	20	Response	2	715634	19130	1
NCETw_01_1	20	Pulse	111	732074	35571	0
NCETw_01_1	21	Picture	fixation	746504	0	1	7500	1	0	7340	other	0
NCETw_01_1	22	Picture	block split	754171	0	1	120167	1	0	next	other	0
NCETw_01_1	22	Pulse	111	757034	2864	0
NCETw_01_1	22	Pulse	111	782074	27904	0
NCETw_01_1	22	Pulse	111	807035	52864	0
NCETw_01_1	22	Pulse	111	832074	77904	0
NCETw_01_1	22	Pulse	111	857034	102864	0
NCETw_01_1	23	Picture	cue	874338	0	1	7500	1	0	7340	other	0
NCETw_01_1	24	Picture	adult_gender	882004	0	1	50000	1	0	50000	incorrect	67
NCETw_01_1	24	Pulse	111	882074	70	0
NCETw_01_1	24	Pulse	111	907034	25029	0
NCETw_01_1	24	Response	2	908967	26963	1
NCETw_01_1	25	Picture	fixation	932005	0	1	7500	1	0	7340	other	0
NCETw_01_1	25	Pulse	111	932074	69	0
NCETw_01_1	26	Picture	adult_gender	939671	0	1	50000	1	0	50000	hit	72
NCETw_01_1	26	Pulse	111	957034	17363	0
NCETw_01_1	26	Response	1	960956	21284	1
NCETw_01_1	26	Pulse	111	982074	42402	0
NCETw_01_1	27	Picture	fixation	989672	0	1	7500	1	0	7340	other	0
NCETw_01_1	28	Picture	adult_gender	997338	0	1	50000	1	0	50000	incorrect	77
NCETw_01_1	28	Pulse	111	1007034	9695	0
NCETw_01_1	28	Response	2	1016237	18898	1
NCETw_01_1	28	Pulse	111	1032074	34735	0
NCETw_01_1	29	Picture	fixation	1047339	0	1	7500	1	0	7340	other	0
NCETw_01_1	30	Picture	adult_gender	1055005	0	1	50000	1	0	50000	incorrect	82
NCETw_01_1	30	Pulse	111	1057034	2029	0
NCETw_01_1	30	Response	1	1078353	23348	1
NCETw_01_1	30	Pulse	111	1082074	27068	0
NCETw_01_1	31	Picture	fixation	1105006	0	1	7500	1	0	7340	other	0
NCETw_01_1	31	Pulse	111	1107034	2028	0
NCETw_01_1	32	Picture	block split	1112672	0	1	100167	1	0	next	other	0
NCETw_01_1	32	Pulse	111	1132074	19402	0
NCETw_01_1	32	Pulse	111	1157034	44362	0
NCETw_01_1	32	Pulse	111	1182074	69402	0
NCETw_01_1	32	Pulse	111	1207034	94361	0
NCETw_01_1	33	Picture	cue	1212840	0	1	7500	1	0	7340	other	0
NCETw_01_1	34	Picture	child_mind	1220506	0	1	50000	1	0	50000	miss	0
NCETw_01_1	34	Pulse	111	1232074	11568	0
NCETw_01_1	34	Pulse	111	1257034	36527	0
NCETw_01_1	35	Picture	fixation	1270507	0	1	7500	1	0	7340	other	0
NCETw_01_1	36	Picture	child_mind	1278173	0	1	50000	1	0	50000	hit	98
NCETw_01_1	36	Pulse	111	1282074	3901	0
NCETw_01_1	36	Response	1	1301623	23449	1
NCETw_01_1	36	Pulse	111	1307034	28861	0
NCETw_01_1	37	Picture	fixation	1328173	0	1	7500	1	0	7340	other	0
NCETw_01_1	37	Pulse	111	1332074	3900	0
NCETw_01_1	38	Picture	child_mind	1335840	0	1	50000	1	0	50000	incorrect	104
NCETw_01_1	38	Pulse	111	1357034	21193	0
NCETw_01_1	38	Response	1	1364687	28847	1
NCETw_01_1	38	Pulse	111	1382074	46234	0
NCETw_01_1	39	Picture	fixation	1385840	0	1	7500	1	0	7340	other	0
NCETw_01_1	40	Picture	child_mind	1393507	0	1	50000	1	0	50000	hit	109
NCETw_01_1	40	Pulse	111	1407034	13526	0
NCETw_01_1	40	Response	1	1427152	33645	1
NCETw_01_1	40	Pulse	111	1432073	38566	0
NCETw_01_1	41	Picture	fixation	1443507	0	1	7500	1	0	7340	other	0
NCETw_01_1	42	Picture	block split	1451174	0	1	70167	1	0	next	other	0
NCETw_01_1	42	Pulse	111	1457034	5859	0
NCETw_01_1	42	Pulse	111	1482073	30899	0
NCETw_01_1	42	Pulse	111	1507034	55860	0
NCETw_01_1	43	Picture	cue	1521341	0	1	7500	1	0	7340	other	0
NCETw_01_1	44	Picture	adult_gender	1529008	0	1	50000	1	0	50000	incorrect	120
NCETw_01_1	44	Pulse	111	1532073	3066	0
NCETw_01_1	44	Pulse	111	1557113	28105	0
NCETw_01_1	44	Response	1	1557822	28814	1
NCETw_01_1	45	Picture	fixation	1579008	0	1	7500	1	0	7340	other	0
NCETw_01_1	45	Pulse	111	1582073	3065	0
NCETw_01_1	46	Picture	adult_gender	1586675	0	1	50000	1	0	50000	incorrect	125
NCETw_01_1	46	Pulse	111	1607033	20359	0
NCETw_01_1	46	Response	2	1613601	26927	1
NCETw_01_1	46	Pulse	111	1632073	45398	0
NCETw_01_1	47	Picture	fixation	1636675	0	1	7500	1	0	7340	other	0
NCETw_01_1	48	Picture	adult_gender	1644342	0	1	50000	1	0	50000	hit	130
NCETw_01_1	48	Pulse	111	1657033	12692	0
NCETw_01_1	48	Response	2	1664891	20550	1
NCETw_01_1	48	Pulse	111	1682073	37732	0
NCETw_01_1	49	Picture	fixation	1694342	0	1	7500	1	0	7340	other	0
NCETw_01_1	50	Picture	adult_gender	1702009	0	1	50000	1	0	50000	incorrect	135
NCETw_01_1	50	Pulse	111	1707033	5025	0
NCETw_01_1	50	Response	2	1715232	13224	1
NCETw_01_1	50	Pulse	111	1732073	30064	0
NCETw_01_1	51	Picture	fixation	1752009	0	1	7500	1	0	7340	other	0
NCETw_01_1	51	Pulse	111	1757113	5104	0
NCETw_01_1	52	Picture	block split	1759676	0	1	70167	1	0	next	other	0
NCETw_01_1	52	Pulse	111	1782073	22398	0
NCETw_01_1	52	Pulse	111	1807033	47358	0
NCETw_01_1	53	Picture	cue	1829843	0	1	7500	1	0	7340	other	0
NCETw_01_1	53	Pulse	111	1832073	2230	0
NCETw_01_1	54	Picture	child_mind	1837509	0	1	50000	1	0	50000	incorrect	146
NCETw_01_1	54	Pulse	111	1857033	19524	0
NCETw_01_1	54	Response	1	1871347	33837	1
NCETw_01_1	54	Pulse	111	1882073	44564	0
NCETw_01_1	55	Picture	fixation	1887510	0	1	7500	1	0	7340	other	0
NCETw_01_1	56	Picture	child_mind	1895176	0	1	50000	1	0	50000	incorrect	151
NCETw_01_1	56	Pulse	111	1907033	11857	0
NCETw_01_1	56	Response	2	1922387	27210	1
NCETw_01_1	56	Pulse	111	1932073	36897	0
NCETw_01_1	57	Picture	fixation	1945177	0	1	7500	1	0	7340	other	0
NCETw_01_1	58	Picture	child_mind	1952843	0	1	50000	1	0	50000	hit	157
NCETw_01_1	58	Pulse	111	1957033	4190	0
NCETw_01_1	58	Pulse	111	1982075	29232	0
NCETw_01_1	58	Response	1	2000069	47226	1
NCETw_01_1	59	Picture	fixation	2002844	0	1	7500	1	0	7340	other	0
NCETw_01_1	59	Pulse	111	2007033	4190	0
NCETw_01_1	60	Picture	child_mind	2010510	0	1	50000	1	0	50000	hit	161
NCETw_01_1	60	Response	2	2032051	21541	1
NCETw_01_1	60	Pulse	111	2032073	21562	0
NCETw_01_1	60	Pulse	111	2057033	46522	0
NCETw_01_1	61	Picture	fixation	2060511	0	1	7500	1	0	7340	other	0
NCETw_01_1	62	Picture	block split	2068177	0	1	120167	1	0	next	other	0
NCETw_01_1	62	Pulse	111	2082073	13895	0
NCETw_01_1	62	Pulse	111	2107033	38855	0
NCETw_01_1	62	Pulse	111	2132073	63895	0
NCETw_01_1	62	Pulse	111	2157033	88855	0
NCETw_01_1	62	Pulse	111	2182073	113896	0
NCETw_01_1	63	Picture	cue	2188345	0	1	7500	1	0	7340	other	0
NCETw_01_1	64	Picture	adult_mind	2196011	0	1	50000	1	0	50000	hit	174
NCETw_01_1	64	Pulse	111	2207113	11102	0
NCETw_01_1	64	Response	1	2225085	29074	1
NCETw_01_1	64	Pulse	111	2232073	36061	0
NCETw_01_1	65	Picture	fixation	2246012	0	1	7833	1	0	7340	other	0
NCETw_01_1	66	Picture	adult_mind	2254012	0	1	50000	1	0	50000	incorrect	180
NCETw_01_1	66	Pulse	111	2257033	3022	0
NCETw_01_1	66	Pulse	111	2282074	28062	0
NCETw_01_1	66	Response	2	2302369	48357	1
NCETw_01_1	67	Picture	fixation	2304012	0	1	7500	1	0	7340	other	0
NCETw_01_1	67	Pulse	111	2307033	3021	0
NCETw_01_1	68	Picture	adult_mind	2311679	0	1	50000	1	0	50000	hit	186
NCETw_01_1	68	Pulse	111	2332073	20394	0
NCETw_01_1	68	Pulse	111	2357032	45354	0
NCETw_01_1	68	Response	2	2358697	47019	1
NCETw_01_1	69	Picture	fixation	2361679	0	1	7500	1	0	7340	other	0
NCETw_01_1	70	Picture	adult_mind	2369346	0	1	50000	1	0	50000	incorrect	190
NCETw_01_1	70	Pulse	111	2382073	12727	0
NCETw_01_1	70	Response	1	2391227	21882	1
NCETw_01_1	70	Pulse	111	2407113	37767	0
NCETw_01_1	71	Picture	fixation	2419346	0	1	7500	1	0	7340	other	0
NCETw_01_1	72	Picture	block split	2427013	0	1	120167	1	0	next	other	0
NCETw_01_1	72	Pulse	111	2432074	5061	0
NCETw_01_1	72	Pulse	111	2457033	30020	0
NCETw_01_1	72	Pulse	111	2482073	55060	0
NCETw_01_1	72	Pulse	111	2507033	80020	0
NCETw_01_1	72	Pulse	111	2532073	105060	0
NCETw_01_1	73	Picture	cue	2547180	0	1	7500	1	0	7340	other	0
NCETw_01_1	74	Picture	child_gender	2554846	0	1	50000	1	0	50000	hit	202
NCETw_01_1	74	Pulse	111	2557033	2186	0
NCETw_01_1	74	Response	2	2578774	23928	1
NCETw_01_1	74	Pulse	111	2582073	27226	0
NCETw_01_1	75	Picture	fixation	2604847	0	1	7500	1	0	7340	other	0
NCETw_01_1	75	Pulse	111	2607113	2266	0
NCETw_01_1	76	Picture	child_gender	2612513	0	1	50000	1	0	50000	hit	208
NCETw_01_1	76	Pulse	111	2632073	19559	0
NCETw_01_1	76	Response	2	2637897	25383	1
NCETw_01_1	76	Pulse	111	2657033	44519	0
NCETw_01_1	77	Picture	fixation	2662514	0	1	7500	1	0	7340	other	0
NCETw_01_1	78	Picture	child_gender	2670180	0	1	50000	1	0	50000	hit	213
NCETw_01_1	78	Pulse	111	2682073	11892	0
NCETw_01_1	78	Response	1	2693327	23147	1
NCETw_01_1	78	Pulse	111	2707032	36852	0
NCETw_01_1	79	Picture	fixation	2720181	0	1	7500	1	0	7340	other	0
NCETw_01_1	80	Picture	child_gender	2727847	0	1	50000	1	0	50000	hit	219
NCETw_01_1	80	Pulse	111	2732073	4225	0
NCETw_01_1	80	Pulse	111	2757033	29185	0
NCETw_01_1	80	Response	2	2765472	37625	1
NCETw_01_1	81	Picture	fixation	2777848	0	1	7500	1	0	7340	other	0
NCETw_01_1	81	Pulse	111	2782072	4225	1
NCETw_01_1	82	Picture	block split	2785514	0	1	100167	1	0	next	other	0
NCETw_01_1	82	Pulse	111	2807032	21518	0
NCETw_01_1	82	Pulse	111	2832072	46558	0
NCETw_01_1	82	Pulse	111	2857112	71598	0
NCETw_01_1	82	Pulse	111	2882073	96558	0
NCETw_01_1	83	Picture	cue	2885682	0	1	7500	1	0	7340	other	0
NCETw_01_1	84	Picture	adult_mind	2893348	0	1	50000	1	0	50000	hit	230
NCETw_01_1	84	Pulse	111	2907032	13684	0
NCETw_01_1	84	Response	2	2914452	21103	1
NCETw_01_1	84	Pulse	111	2932072	38724	0
NCETw_01_1	85	Picture	fixation	2943349	0	1	7500	1	0	7340	other	0
NCETw_01_1	86	Picture	adult_mind	2951015	0	1	50000	1	0	50000	hit	235
NCETw_01_1	86	Pulse	111	2957032	6017	0
NCETw_01_1	86	Response	1	2979711	28696	1
NCETw_01_1	86	Pulse	111	2982072	31057	0
NCETw_01_1	87	Picture	fixation	3001015	0	1	7500	1	0	7340	other	0
NCETw_01_1	87	Pulse	111	3007032	6017	0
NCETw_01_1	88	Picture	adult_mind	3008682	0	1	50000	1	0	50000	incorrect	241
NCETw_01_1	88	Pulse	111	3032072	23390	0
NCETw_01_1	88	Response	1	3046817	38135	1
NCETw_01_1	88	Pulse	111	3057112	48430	0
NCETw_01_1	89	Picture	fixation	3058682	0	1	7500	1	0	7340	other	0
NCETw_01_1	90	Picture	adult_mind	3066349	0	1	50000	1	0	50000	incorrect	246
NCETw_01_1	90	Pulse	111	3082072	15723	0
NCETw_01_1	90	Response	2	3088727	22378	1
NCETw_01_1	90	Pulse	111	3107032	40683	0
NCETw_01_1	91	Picture	fixation	3116349	0	1	7500	1	0	7340	other	0
NCETw_01_1	92	Picture	block split	3124016	0	1	70167	1	0	next	other	0
NCETw_01_1	92	Pulse	111	3132072	8056	0
NCETw_01_1	92	Pulse	111	3157032	33016	0
NCETw_01_1	92	Pulse	111	3182072	58056	0
NCETw_01_1	93	Picture	cue	3194183	0	1	7500	1	0	7340	other	0
NCETw_01_1	94	Picture	adult_gender	3201850	0	1	50000	1	0	50000	incorrect	256
NCETw_01_1	94	Pulse	111	3207032	5182	0
NCETw_01_1	94	Response	1	3221740	19891	1
NCETw_01_1	94	Pulse	111	3232072	30222	0
NCETw_01_1	95	Picture	fixation	3251850	0	1	7500	1	0	7340	other	0
NCETw_01_1	95	Pulse	111	3257112	5262	0
NCETw_01_1	96	Picture	adult_gender	3259517	0	1	50000	1	0	50000	incorrect	262
NCETw_01_1	96	Pulse	111	3282072	22555	0
NCETw_01_1	96	Response	1	3286650	27134	1
NCETw_01_1	96	Pulse	111	3307112	47595	0
NCETw_01_1	97	Picture	fixation	3309517	0	1	7500	1	0	7340	other	0
NCETw_01_1	98	Picture	adult_gender	3317184	0	1	50000	1	0	50000	incorrect	267
NCETw_01_1	98	Pulse	111	3332072	14888	0
NCETw_01_1	98	Response	1	3337192	20008	1
NCETw_01_1	98	Pulse	111	3357032	39848	0
NCETw_01_1	99	Picture	fixation	3367184	0	1	7500	1	0	7340	other	0
NCETw_01_1	100	Picture	adult_gender	3374851	0	1	50000	1	0	50000	hit	272
NCETw_01_1	100	Pulse	111	3382072	7221	0
NCETw_01_1	100	Response	2	3388631	13780	1
NCETw_01_1	100	Pulse	111	3407032	32181	0
NCETw_01_1	101	Picture	fixation	3424851	0	1	7500	1	0	7340	other	0
NCETw_01_1	101	Pulse	111	3432072	7221	0
NCETw_01_1	102	Picture	block split	3432518	0	1	100167	1	0	next	other	0
NCETw_01_1	102	Pulse	111	3457112	24594	0
NCETw_01_1	102	Pulse	111	3482072	49554	0
NCETw_01_1	102	Pulse	111	3507112	74594	0
NCETw_01_1	102	Pulse	111	3532072	99554	0
NCETw_01_1	103	Picture	cue	3532685	0	1	7500	1	0	7340	other	0
NCETw_01_1	104	Picture	child_gender	3540352	0	1	50000	1	0	50000	hit	284
NCETw_01_1	104	Pulse	111	3557032	16680	0
NCETw_01_1	104	Response	2	3560860	20509	1
NCETw_01_1	104	Pulse	111	3582072	41720	0
NCETw_01_1	105	Picture	fixation	3590352	0	1	7500	1	0	7340	other	0
NCETw_01_1	106	Picture	child_gender	3598019	0	1	50000	1	0	50000	incorrect	289
NCETw_01_1	106	Pulse	111	3607032	9013	0
NCETw_01_1	106	Response	1	3612350	14331	1
NCETw_01_1	106	Pulse	111	3632071	34053	0
NCETw_01_1	107	Picture	fixation	3648019	0	1	7500	1	0	7340	other	0
NCETw_01_1	108	Picture	child_gender	3655686	0	1	50000	1	0	50000	incorrect	294
NCETw_01_1	108	Pulse	111	3657032	1346	0
NCETw_01_1	108	Response	2	3674665	18980	1
NCETw_01_1	108	Pulse	111	3682071	26386	0
NCETw_01_1	109	Picture	fixation	3705686	0	1	7500	1	0	7340	other	0
NCETw_01_1	109	Pulse	111	3707112	1426	0
NCETw_01_1	110	Picture	child_gender	3713352	0	1	50000	1	0	50000	incorrect	300
NCETw_01_1	110	Pulse	111	3732071	18719	0
NCETw_01_1	110	Response	2	3737131	23778	1
NCETw_01_1	110	Pulse	111	3757031	43679	0
NCETw_01_1	111	Picture	fixation	3763353	0	1	7500	1	0	7340	other	0
NCETw_01_1	112	Picture	block split	3771019	0	1	70167	1	0	next	other	0
NCETw_01_1	112	Pulse	111	3782071	11052	0
NCETw_01_1	112	Pulse	111	3807031	36012	0
NCETw_01_1	112	Pulse	111	3832071	61052	0
NCETw_01_1	113	Picture	cue	3841186	0	1	7500	1	0	7340	other	0
NCETw_01_1	114	Picture	adult_mind	3848853	0	1	50000	1	0	50000	incorrect	310
NCETw_01_1	114	Pulse	111	3857031	8178	0
NCETw_01_1	114	Response	2	3874336	25483	1
NCETw_01_1	114	Pulse	111	3882071	33218	0
NCETw_01_1	115	Picture	fixation	3898853	0	1	7500	1	0	7340	other	0
NCETw_01_1	116	Picture	adult_mind	3906520	0	1	50000	1	0	50000	hit	316
NCETw_01_1	116	Pulse	111	3907111	591	0
NCETw_01_1	116	Pulse	111	3932071	25551	0
NCETw_01_1	116	Response	1	3932760	26240	1
NCETw_01_1	117	Picture	fixation	3956520	0	1	7500	1	0	7340	other	0
NCETw_01_1	117	Pulse	111	3957111	591	0
NCETw_01_1	118	Picture	adult_mind	3964187	0	1	50000	1	0	50000	hit	322
NCETw_01_1	118	Pulse	111	3982071	17884	0
NCETw_01_1	118	Pulse	111	4007031	42844	0
NCETw_01_1	118	Response	1	4009395	45208	1
NCETw_01_1	119	Picture	fixation	4014187	0	1	7500	1	0	7340	other	0
NCETw_01_1	120	Picture	adult_mind	4021854	0	1	50000	1	0	50000	incorrect	326
NCETw_01_1	120	Pulse	111	4032071	10217	0
NCETw_01_1	120	Response	1	4042374	20520	1
NCETw_01_1	120	Pulse	111	4057031	35177	0
NCETw_01_1	121	Picture	fixation	4071854	0	1	7500	1	0	7340	other	0
NCETw_01_1	122	Picture	block split	4079521	0	1	120167	1	0	next	other	0
NCETw_01_1	122	Pulse	111	4082071	2550	0
NCETw_01_1	122	Pulse	111	4107112	27591	0
NCETw_01_1	122	Pulse	111	4132071	52550	0
NCETw_01_1	122	Pulse	111	4157111	77590	0
NCETw_01_1	122	Pulse	111	4182071	102550	0
NCETw_01_1	123	Picture	cue	4199688	0	1	7500	1	0	7340	other	0
NCETw_01_1	123	Pulse	111	4207031	7343	0
NCETw_01_1	124	Picture	child_gender	4207355	0	1	50000	1	0	50000	incorrect	339
NCETw_01_1	124	Pulse	111	4232071	24716	0
NCETw_01_1	124	Response	1	4246235	38880	1
NCETw_01_1	124	Pulse	111	4257031	49676	0
NCETw_01_1	125	Picture	fixation	4257355	0	1	7500	1	0	7340	other	0
NCETw_01_1	126	Picture	child_gender	4265022	0	1	50000	1	0	50000	hit	343
NCETw_01_1	126	Response	1	4276874	11852	1
NCETw_01_1	126	Pulse	111	4282071	17049	0
NCETw_01_1	126	Pulse	111	4307031	42009	0
NCETw_01_1	127	Picture	fixation	4315022	0	1	7500	1	0	7340	other	0
NCETw_01_1	128	Picture	child_gender	4322689	0	1	50000	1	0	50000	hit	349
NCETw_01_1	128	Pulse	111	4332071	9382	0
NCETw_01_1	128	Response	2	4349563	26874	1
NCETw_01_1	128	Pulse	111	4357111	34422	0
NCETw_01_1	129	Picture	fixation	4372689	0	1	7500	1	0	7340	other	0
NCETw_01_1	130	Picture	child_gender	4380356	0	1	50000	1	0	50000	incorrect	355
NCETw_01_1	130	Pulse	111	4382071	1715	0
NCETw_01_1	130	Pulse	111	4407031	26675	0
NCETw_01_1	130	Response	2	4411330	30974	1
NCETw_01_1	131	Picture	fixation	4430356	0	1	7500	1	0	7340	other	0
NCETw_01_1	131	Pulse	111	4432071	1715	0
NCETw_01_1	132	Picture	block split	4438023	0	1	100167	1	0	next	other	0
NCETw_01_1	132	Pulse	111	4457031	19008	0
NCETw_01_1	132	Pulse	111	4482071	44048	0
NCETw_01_1	132	Pulse	111	4507031	69008	0
NCETw_01_1	132	Pulse	111	4532071	94048	0
NCETw_01_1	133	Picture	cue	4538190	0	1	7500	1	0	7340	other	0
NCETw_01_1	134	Picture	child_mind	4545857	0	1	50000	1	0	50000	hit	366
NCETw_01_1	134	Pulse	111	4557111	11254	0
NCETw_01_1	134	Response	1	4580466	34610	1
NCETw_01_1	134	Pulse	111	4582071	36214	0
NCETw_01_1	135	Picture	fixation	4595857	0	1	7500	1	0	7340	other	0
NCETw_01_1	136	Picture	child_mind	4603524	0	1	50000	1	0	50000	hit	372
NCETw_01_1	136	Pulse	111	4607111	3587	0
NCETw_01_1	136	Pulse	111	4632071	28547	0
NCETw_01_1	136	Response	2	4643930	40406	1
NCETw_01_1	137	Picture	fixation	4653524	0	1	7500	1	0	7340	other	0
NCETw_01_1	137	Pulse	111	4657031	3507	0
NCETw_01_1	138	Picture	child_mind	4661191	0	1	50000	1	0	50000	hit	377
NCETw_01_1	138	Pulse	111	4682070	20880	0
NCETw_01_1	138	Response	1	4684193	23002	1
NCETw_01_1	138	Pulse	111	4707031	45840	0
NCETw_01_1	139	Picture	fixation	4711191	0	1	7500	1	0	7340	other	0
NCETw_01_1	140	Picture	child_mind	4718858	0	1	50000	1	0	50000	hit	382
NCETw_01_1	140	Pulse	111	4732071	13213	0
NCETw_01_1	140	Response	2	4740172	21315	1
NCETw_01_1	140	Pulse	111	4757111	38253	0
NCETw_01_1	141	Picture	fixation	4768858	0	1	7500	1	0	7340	other	0
NCETw_01_1	142	Picture	block split	4776525	0	1	70167	1	0	next	other	0
NCETw_01_1	142	Pulse	111	4782071	5546	0
NCETw_01_1	142	Pulse	111	4807111	30586	0
NCETw_01_1	142	Pulse	111	4832071	55546	0
NCETw_01_1	143	Picture	cue	4846692	0	1	7500	1	0	7340	other	0
NCETw_01_1	144	Picture	adult_gender	4854358	0	1	50000	1	0	50000	incorrect	392
NCETw_01_1	144	Pulse	111	4857031	2672	0
NCETw_01_1	144	Response	2	4876280	21921	1
NCETw_01_1	144	Pulse	111	4882071	27712	0
NCETw_01_1	145	Picture	fixation	4904359	0	1	7500	1	0	7340	other	0
NCETw_01_1	145	Pulse	111	4907031	2672	0
NCETw_01_1	146	Picture	adult_gender	4912025	0	1	50000	1	0	50000	hit	398
NCETw_01_1	146	Pulse	111	4932071	20045	0
NCETw_01_1	146	Response	2	4932259	20234	1
NCETw_01_1	146	Response	2	4941240	29215	1
NCETw_01_1	146	Pulse	111	4957111	45085	0
NCETw_01_1	147	Picture	fixation	4962026	0	1	7500	1	0	7340	other	0
NCETw_01_1	148	Picture	adult_gender	4969692	0	1	50000	1	0	50000	hit	404
NCETw_01_1	148	Pulse	111	4982071	12378	0
NCETw_01_1	148	Response	1	4985844	16151	1
NCETw_01_1	148	Pulse	111	5007111	37418	0
NCETw_01_1	149	Picture	fixation	5019693	0	1	7500	1	0	7340	other	0
NCETw_01_1	150	Picture	adult_gender	5027359	0	1	50000	1	0	50000	incorrect	410
NCETw_01_1	150	Pulse	111	5032071	4711	0
NCETw_01_1	150	Pulse	111	5057111	29751	0
NCETw_01_1	150	Response	2	5072557	45198	1
NCETw_01_1	151	Picture	fixation	5077360	0	1	7500	1	0	7340	other	0
NCETw_01_1	151	Pulse	111	5082071	4711	0
NCETw_01_1	152	Picture	block split	5085026	0	1	100167	1	0	next	other	0
NCETw_01_1	152	Pulse	111	5107030	22004	0
NCETw_01_1	152	Pulse	111	5132071	47044	0
NCETw_01_1	152	Pulse	111	5157030	72004	0
NCETw_01_1	152	Pulse	111	5182070	97044	0
NCETw_01_1	153	Picture	cue	5185193	0	1	7500	1	0	7340	other	0
NCETw_01_1	154	Picture	child_mind	5192860	0	1	50000	1	0	50000	hit	421
NCETw_01_1	154	Pulse	111	5207111	14250	0
NCETw_01_1	154	Response	2	5225578	32718	1
NCETw_01_1	154	Pulse	111	5232070	39210	0
NCETw_01_1	155	Picture	fixation	5242860	0	1	7500	1	0	7340	other	0
NCETw_01_1	156	Picture	child_mind	5250527	0	1	50000	1	0	50000	hit	426
NCETw_01_1	156	Pulse	111	5257110	6583	0
NCETw_01_1	156	Response	1	5269333	18806	1
NCETw_01_1	156	Pulse	111	5282070	31543	0
NCETw_01_1	157	Picture	fixation	5300527	0	1	7500	1	0	7340	other	0
NCETw_01_1	157	Pulse	111	5307030	6503	0
NCETw_01_1	158	Picture	child_mind	5308194	0	1	50000	1	0	50000	incorrect	432
NCETw_01_1	158	Pulse	111	5332070	23876	0
NCETw_01_1	158	Response	1	5332548	24354	1
NCETw_01_1	158	Pulse	111	5357030	48836	0
NCETw_01_1	159	Picture	fixation	5358194	0	1	7500	1	0	7340	other	0
NCETw_01_1	160	Picture	child_mind	5365861	0	1	50000	1	0	50000	hit	437
NCETw_01_1	160	Pulse	111	5382070	16209	0
NCETw_01_1	160	Response	2	5405593	39732	1
NCETw_01_1	160	Pulse	111	5407110	41249	0
NCETw_01_1	161	Picture	fixation	5415861	0	1	7500	1	0	7340	other	0
NCETw_01_1	162	Picture	block split	5423528	0	1	120167	1	0	next	other	0
NCETw_01_1	162	Pulse	111	5432070	8542	0
NCETw_01_1	162	Pulse	111	5457110	33582	0
NCETw_01_1	162	Pulse	111	5482070	58542	0
NCETw_01_1	162	Pulse	111	5507030	83502	0
NCETw_01_1	162	Pulse	111	5532070	108542	0
NCETw_01_1	163	Picture	cue	5543695	0	1	7500	1	0	7340	other	0
NCETw_01_1	164	Picture	child_gender	5551362	0	1	50000	1	0	50000	hit	449
NCETw_01_1	164	Pulse	111	5557030	5668	0
NCETw_01_1	164	Response	1	5571683	20321	1
NCETw_01_1	164	Pulse	111	5582070	30708	0
NCETw_01_1	165	Picture	fixation	5601362	0	1	7500	1	0	7340	other	0
NCETw_01_1	165	Pulse	111	5607110	5748	0
NCETw_01_1	166	Picture	child_gender	5609029	0	1	50000	1	0	50000	hit	455
NCETw_01_1	166	Pulse	111	5632070	23041	0
NCETw_01_1	166	Response	2	5636494	27465	1
NCETw_01_1	166	Pulse	111	5657110	48081	0
NCETw_01_1	167	Picture	fixation	5659029	0	1	7500	1	0	7340	other	0
NCETw_01_1	168	Picture	child_gender	5666696	0	1	50000	1	0	50000	incorrect	460
NCETw_01_1	168	Pulse	111	5682070	15374	0
NCETw_01_1	168	Response	2	5693920	27224	1
NCETw_01_1	168	Pulse	111	5707110	40414	0
NCETw_01_1	169	Picture	fixation	5716696	0	1	7500	1	0	7340	other	0
NCETw_01_1	170	Picture	child_gender	5724363	0	1	50000	1	0	50000	hit	465
NCETw_01_1	170	Pulse	111	5732070	7707	0
NCETw_01_1	170	Response	1	5748552	24189	1
NCETw_01_1	170	Pulse	111	5757030	32667	0
NCETw_01_1	171	Picture	fixation	5774363	0	1	7500	1	0	7340	other	0
NCETw_01_1	172	Picture	block split	5782030	0	1	100167	1	0	next	other	0
NCETw_01_1	172	Pulse	111	5782070	40	0
NCETw_01_1	172	Pulse	111	5807030	25000	0
NCETw_01_1	172	Pulse	111	5832070	50040	0
NCETw_01_1	172	Pulse	111	5857110	75080	0
NCETw_01_1	172	Pulse	111	5882070	100040	1
NCETw_01_1	173	Picture	cue	5882197	0	1	7500	1	0	7340	other	0
NCETw_01_1	174	Picture	adult_mind	5889864	0	1	50000	1	0	50000	hit	477
NCETw_01_1	174	Pulse	111	5907110	17246	0
NCETw_01_1	174	Response	2	5920882	31018	1
NCETw_01_1	174	Pulse	111	5932070	42206	0
NCETw_01_1	175	Picture	fixation	5939864	0	1	7500	1	0	7340	other	0
NCETw_01_1	176	Picture	adult_mind	5947531	0	1	50000	1	0	50000	incorrect	482
NCETw_01_1	176	Pulse	111	5957030	9499	0
NCETw_01_1	176	Response	2	5968229	20699	1
NCETw_01_1	176	Pulse	111	5982070	34539	0
NCETw_01_1	177	Picture	fixation	5997531	0	1	7500	1	0	7340	other	0
NCETw_01_1	178	Picture	adult_mind	6005198	0	1	50000	1	0	50000	incorrect	487
NCETw_01_1	178	Pulse	111	6007030	1832	0
NCETw_01_1	178	Response	1	6030096	24899	1
NCETw_01_1	178	Pulse	111	6032069	26871	0
NCETw_01_1	179	Picture	fixation	6055198	0	1	7500	1	0	7340	other	0
NCETw_01_1	179	Pulse	111	6057110	1912	0
NCETw_01_1	180	Picture	adult_mind	6062865	0	1	50000	1	0	50000	hit	493
NCETw_01_1	180	Pulse	111	6082070	19205	0
NCETw_01_1	180	Response	2	6101792	38927	1
NCETw_01_1	181	Picture	fixation	6112865	0	1	7500	1	0	7340	other	0
NCETw_01_1	182	Picture	block split	6120532	0	1	153656	1	0	next	other	0
NCETw_01_1	182	Quit		6251069	130537	NA


{
   "app": "Presentation Version 20.1 Build 12.04.17",
   "device": "HP HP Z240 Tower Workstation",
   "experiment": "{D2308172-C925-4AB0-BB91-664CE85A0846}",
   "os": "Windows 10 64 bit",
   "package": "",
   "parameters": {
      "configuration": "Default configuration"
   },
   "scenario": "RMET_1_2.sce",
   "subject": "NCETw_01_1",
   "timestamp": "2018/05/16 09:06:03 GMT"
}
