Scenario - 
Logfile written - 05/16/2018 11:05:49

Subject	Trial	Event Type	Code	Time	TTime	Uncertainty	Duration	Uncertainty	ReqTime	ReqDur	Stim Type	Pair Index

NCETw_01_1	1	Response	1	81111	80945	1
NCETw_01_1	2	Response	2	124717	43383	1
NCETw_01_1	3	Response	1	141780	16780	1
NCETw_01_1	4	Response	2	190425	48425	1
NCETw_01_1	5	Picture	block split	190668	0	1	123334	1	0	next	other	0
NCETw_01_1	5	Response	2	193319	2652	1
NCETw_01_1	5	Pulse	111	313908	123241	0
NCETw_01_1	6	Picture	block split	314002	0	1	70167	1	0	next	other	0
NCETw_01_1	6	Pulse	111	338868	24867	0
NCETw_01_1	6	Pulse	111	363908	49906	0
NCETw_01_1	7	Picture	cue	384169	0	1	7500	1	0	7340	other	0
NCETw_01_1	7	Pulse	111	388868	4700	0
NCETw_01_1	8	Picture	adult_mind	391835	0	1	50000	1	0	50000	incorrect	15
NCETw_01_1	8	Pulse	111	413908	22073	0
NCETw_01_1	8	Response	2	423674	31838	1
NCETw_01_1	8	Pulse	111	438868	47033	0
NCETw_01_1	9	Picture	fixation	441836	0	1	7500	1	0	7340	other	0
NCETw_01_1	10	Picture	adult_mind	449502	0	1	50000	1	0	50000	hit	20
NCETw_01_1	10	Pulse	111	463908	14406	0
NCETw_01_1	10	Response	2	476610	27108	1
NCETw_01_1	10	Pulse	111	488868	39366	0
NCETw_01_1	11	Picture	fixation	499502	0	1	7500	1	0	7340	other	0
NCETw_01_1	12	Picture	adult_mind	507169	0	1	50000	1	0	50000	incorrect	26
NCETw_01_1	12	Pulse	111	513908	6739	0
NCETw_01_1	12	Pulse	111	538868	31699	0
NCETw_01_1	12	Response	2	545811	38642	1
NCETw_01_1	13	Picture	fixation	557169	0	1	7500	1	0	7340	other	0
NCETw_01_1	13	Pulse	111	563908	6739	0
NCETw_01_1	14	Picture	adult_mind	564836	0	1	50000	1	0	50000	hit	31
NCETw_01_1	14	Pulse	111	588868	24032	0
NCETw_01_1	14	Response	2	597400	32563	1
NCETw_01_1	14	Pulse	111	613908	49072	0
NCETw_01_1	15	Picture	fixation	614836	0	1	7500	1	0	7340	other	0
NCETw_01_1	16	Picture	block split	622503	0	1	100167	1	0	next	other	0
NCETw_01_1	16	Pulse	111	638868	16365	0
NCETw_01_1	16	Pulse	111	663908	41405	0
NCETw_01_1	16	Pulse	111	688868	66365	0
NCETw_01_1	16	Pulse	111	713908	91405	0
NCETw_01_1	17	Picture	cue	722670	0	1	7500	1	0	7340	other	0
NCETw_01_1	18	Picture	child_gender	730337	0	1	50000	1	0	50000	hit	43
NCETw_01_1	18	Pulse	111	738868	8531	0
NCETw_01_1	18	Pulse	111	763908	33571	0
NCETw_01_1	18	Response	2	767433	37096	1
NCETw_01_1	19	Picture	fixation	780337	0	1	7500	1	0	7340	other	0
NCETw_01_1	20	Picture	child_gender	788004	0	1	50000	1	0	50000	incorrect	48
NCETw_01_1	20	Pulse	111	788868	864	0
NCETw_01_1	20	Pulse	111	813908	25904	0
NCETw_01_1	20	Response	1	823214	35210	1
NCETw_01_1	21	Picture	fixation	838004	0	1	7500	1	0	7340	other	0
NCETw_01_1	21	Pulse	111	838868	863	0
NCETw_01_1	22	Picture	child_gender	845671	0	1	50000	1	0	50000	incorrect	53
NCETw_01_1	22	Pulse	111	863908	18237	0
NCETw_01_1	22	Response	2	866670	21000	1
NCETw_01_1	22	Pulse	111	888868	43197	0
NCETw_01_1	23	Picture	fixation	895671	0	1	7500	1	0	7340	other	0
NCETw_01_1	24	Picture	child_gender	903338	0	1	50000	1	0	50000	hit	58
NCETw_01_1	24	Pulse	111	913908	10570	0
NCETw_01_1	24	Response	2	921552	18214	1
NCETw_01_1	24	Pulse	111	938948	35610	0
NCETw_01_1	25	Picture	fixation	953338	0	1	7500	1	0	7340	other	0
NCETw_01_1	26	Picture	block split	961005	0	1	120167	1	0	next	other	0
NCETw_01_1	26	Pulse	111	963908	2903	0
NCETw_01_1	26	Pulse	111	988868	27863	0
NCETw_01_1	26	Pulse	111	1013908	52903	0
NCETw_01_1	26	Pulse	111	1038868	77863	0
NCETw_01_1	26	Pulse	111	1063908	102903	0
NCETw_01_1	27	Picture	cue	1081172	0	1	7500	1	0	7340	other	0
NCETw_01_1	28	Picture	adult_gender	1088839	0	1	50000	1	0	50000	incorrect	70
NCETw_01_1	28	Pulse	111	1088867	29	0
NCETw_01_1	28	Response	2	1109747	20908	1
NCETw_01_1	28	Pulse	111	1113907	25068	0
NCETw_01_1	29	Picture	fixation	1138839	0	1	7500	1	0	7340	other	0
NCETw_01_1	29	Pulse	111	1138948	108	0
NCETw_01_1	30	Picture	adult_gender	1146506	0	1	50000	1	0	50000	hit	76
NCETw_01_1	30	Pulse	111	1163908	17402	0
NCETw_01_1	30	Response	1	1182791	36285	1
NCETw_01_1	30	Pulse	111	1188867	42362	0
NCETw_01_1	31	Picture	fixation	1196506	0	1	7500	1	0	7340	other	0
NCETw_01_1	32	Picture	adult_gender	1204173	0	1	50000	1	0	50000	incorrect	82
NCETw_01_1	32	Pulse	111	1213907	9735	0
NCETw_01_1	32	Pulse	111	1238867	34695	0
NCETw_01_1	32	Response	2	1252839	48666	1
NCETw_01_1	33	Picture	fixation	1254173	0	1	7500	1	0	7340	other	0
NCETw_01_1	34	Picture	adult_gender	1261840	0	1	50000	1	0	50000	incorrect	86
NCETw_01_1	34	Pulse	111	1263907	2068	0
NCETw_01_1	34	Response	1	1282525	20686	1
NCETw_01_1	34	Pulse	111	1288867	27028	0
NCETw_01_1	35	Picture	fixation	1311840	0	1	7500	1	0	7340	other	0
NCETw_01_1	35	Pulse	111	1313907	2067	0
NCETw_01_1	36	Picture	block split	1319507	0	1	100167	1	0	next	other	0
NCETw_01_1	36	Pulse	111	1338947	19440	0
NCETw_01_1	36	Pulse	111	1363907	44401	0
NCETw_01_1	36	Pulse	111	1388867	69361	0
NCETw_01_1	36	Pulse	111	1413907	94400	0
NCETw_01_1	37	Picture	cue	1419674	0	1	7500	1	0	7340	other	0
NCETw_01_1	38	Picture	child_mind	1427341	0	1	50000	1	0	50000	incorrect	99
NCETw_01_1	38	Pulse	111	1438867	11527	0
NCETw_01_1	38	Pulse	111	1463907	36567	0
NCETw_01_1	38	Response	1	1467976	40635	1
NCETw_01_1	39	Picture	fixation	1477341	0	1	7500	1	0	7340	other	0
NCETw_01_1	40	Picture	child_mind	1485008	0	1	50000	1	0	50000	hit	104
NCETw_01_1	40	Pulse	111	1488867	3860	0
NCETw_01_1	40	Pulse	111	1513907	28899	0
NCETw_01_1	40	Response	1	1518218	33210	1
NCETw_01_1	41	Picture	fixation	1535008	0	1	7500	1	0	7340	other	0
NCETw_01_1	41	Pulse	111	1538947	3939	0
NCETw_01_1	42	Picture	child_mind	1542675	0	1	50000	1	0	50000	incorrect	109
NCETw_01_1	42	Pulse	111	1563907	21233	0
NCETw_01_1	42	Response	1	1567362	24688	1
NCETw_01_1	42	Pulse	111	1588867	46192	0
NCETw_01_1	43	Picture	fixation	1592675	0	1	7500	1	0	7340	other	0
NCETw_01_1	44	Picture	child_mind	1600342	0	1	50000	1	0	50000	incorrect	114
NCETw_01_1	44	Pulse	111	1613907	13565	0
NCETw_01_1	44	Response	2	1635615	35274	1
NCETw_01_1	44	Pulse	111	1638867	38525	0
NCETw_01_1	45	Picture	fixation	1650342	0	1	7500	1	0	7340	other	0
NCETw_01_1	46	Picture	block split	1658009	0	1	70167	1	0	next	other	0
NCETw_01_1	46	Pulse	111	1663907	5899	0
NCETw_01_1	46	Pulse	111	1688867	30859	0
NCETw_01_1	46	Pulse	111	1713907	55898	0
NCETw_01_1	47	Picture	cue	1728176	0	1	7500	1	0	7340	other	0
NCETw_01_1	48	Picture	adult_gender	1735842	0	1	50000	1	0	50000	incorrect	124
NCETw_01_1	48	Pulse	111	1738947	3105	0
NCETw_01_1	48	Response	1	1752713	16871	1
NCETw_01_1	48	Pulse	111	1763907	28065	0
NCETw_01_1	49	Picture	fixation	1785842	0	1	7500	1	0	7340	other	0
NCETw_01_1	49	Pulse	111	1788947	3104	0
NCETw_01_1	50	Picture	adult_gender	1793509	0	1	50000	1	0	50000	incorrect	129
NCETw_01_1	50	Response	2	1809940	16431	1
NCETw_01_1	50	Pulse	111	1813907	20398	0
NCETw_01_1	50	Pulse	111	1838867	45358	0
NCETw_01_1	51	Picture	fixation	1843509	0	1	7500	1	0	7340	other	0
NCETw_01_1	52	Picture	adult_gender	1851176	0	1	50000	1	0	50000	incorrect	136
NCETw_01_1	52	Pulse	111	1863907	12731	0
NCETw_01_1	52	Pulse	111	1888867	37690	0
NCETw_01_1	52	Response	1	1891964	40787	1
NCETw_01_1	53	Picture	fixation	1901176	0	1	7500	1	0	7340	other	0
NCETw_01_1	54	Picture	adult_gender	1908843	0	1	50000	1	0	50000	incorrect	140
NCETw_01_1	54	Pulse	111	1913907	5064	0
NCETw_01_1	54	Response	2	1920103	11260	1
NCETw_01_1	54	Pulse	111	1938947	30104	0
NCETw_01_1	55	Picture	fixation	1958843	0	1	7500	1	0	7340	other	0
NCETw_01_1	55	Pulse	111	1963907	5063	0
NCETw_01_1	56	Picture	block split	1966510	0	1	70167	1	0	next	other	0
NCETw_01_1	56	Pulse	111	1988947	22437	0
NCETw_01_1	56	Pulse	111	2013907	47397	0
NCETw_01_1	57	Picture	cue	2036677	0	1	7500	1	0	7340	other	0
NCETw_01_1	57	Pulse	111	2038867	2189	0
NCETw_01_1	58	Picture	child_mind	2044344	0	1	50000	1	0	50000	incorrect	151
NCETw_01_1	58	Pulse	111	2063907	19563	0
NCETw_01_1	58	Response	1	2084350	40006	1
NCETw_01_1	58	Pulse	111	2088867	44524	0
NCETw_01_1	59	Picture	fixation	2094344	0	1	7500	1	0	7340	other	0
NCETw_01_1	60	Picture	child_mind	2102011	0	1	50000	1	0	50000	miss	0
NCETw_01_1	60	Pulse	111	2113907	11896	0
NCETw_01_1	60	Pulse	111	2138866	36856	0
NCETw_01_1	61	Picture	fixation	2152011	0	1	7500	1	0	7340	other	0
NCETw_01_1	61	Response	2	2155646	3635	1
NCETw_01_1	62	Picture	child_mind	2159678	0	1	50000	1	0	50000	hit	162
NCETw_01_1	62	Pulse	111	2163906	4229	0
NCETw_01_1	62	Pulse	111	2188946	29268	0
NCETw_01_1	62	Response	1	2198803	39125	1
NCETw_01_1	63	Picture	fixation	2209678	0	1	7500	1	0	7340	other	0
NCETw_01_1	63	Pulse	111	2213906	4228	0
NCETw_01_1	64	Picture	child_mind	2217345	0	1	50000	1	0	50000	hit	167
NCETw_01_1	64	Pulse	111	2238866	21521	0
NCETw_01_1	64	Response	2	2240064	22720	1
NCETw_01_1	64	Pulse	111	2263906	46562	0
NCETw_01_1	65	Picture	fixation	2267345	0	1	7500	1	0	7340	other	0
NCETw_01_1	66	Picture	block split	2275012	0	1	120167	1	0	next	other	0
NCETw_01_1	66	Pulse	111	2288866	13855	0
NCETw_01_1	66	Pulse	111	2313907	38895	0
NCETw_01_1	66	Pulse	111	2338866	63855	0
NCETw_01_1	66	Pulse	111	2363907	88895	0
NCETw_01_1	66	Pulse	111	2388947	113935	0
NCETw_01_1	67	Picture	cue	2395179	0	1	7500	1	0	7340	other	0
NCETw_01_1	68	Picture	adult_mind	2402846	0	1	50000	1	0	50000	hit	179
NCETw_01_1	68	Pulse	111	2413906	11060	0
NCETw_01_1	68	Response	1	2429008	26162	1
NCETw_01_1	68	Pulse	111	2438866	36020	0
NCETw_01_1	69	Picture	fixation	2452846	0	1	7500	1	0	7340	other	0
NCETw_01_1	70	Picture	adult_mind	2460513	0	1	50000	1	0	50000	incorrect	184
NCETw_01_1	70	Pulse	111	2463906	3393	0
NCETw_01_1	70	Response	2	2487083	26570	1
NCETw_01_1	70	Pulse	111	2488866	28353	0
NCETw_01_1	71	Picture	fixation	2510513	0	1	7500	1	0	7340	other	0
NCETw_01_1	71	Pulse	111	2513906	3393	0
NCETw_01_1	72	Picture	adult_mind	2518180	0	1	50000	1	0	50000	hit	190
NCETw_01_1	72	Pulse	111	2538866	20686	0
NCETw_01_1	72	Response	2	2546505	28325	1
NCETw_01_1	72	Pulse	111	2563906	45726	0
NCETw_01_1	73	Picture	fixation	2568180	0	1	7500	1	0	7340	other	0
NCETw_01_1	74	Picture	adult_mind	2575847	0	1	50000	1	0	50000	incorrect	195
NCETw_01_1	74	Pulse	111	2588946	13099	0
NCETw_01_1	74	Response	1	2608022	32176	1
NCETw_01_1	74	Pulse	111	2613906	38059	0
NCETw_01_1	75	Picture	fixation	2625847	0	1	7500	1	0	7340	other	0
NCETw_01_1	76	Picture	block split	2633514	0	1	120167	1	0	next	other	0
NCETw_01_1	76	Pulse	111	2638866	5352	0
NCETw_01_1	76	Pulse	111	2663906	30393	0
NCETw_01_1	76	Pulse	111	2688866	55352	0
NCETw_01_1	76	Pulse	111	2713906	80392	0
NCETw_01_1	76	Pulse	111	2738866	105352	0
NCETw_01_1	77	Picture	cue	2753681	0	1	7500	1	0	7340	other	0
NCETw_01_1	78	Picture	child_gender	2761348	0	1	50000	1	0	50000	hit	207
NCETw_01_1	78	Pulse	111	2763906	2558	0
NCETw_01_1	78	Response	2	2787536	26189	1
NCETw_01_1	78	Pulse	111	2788946	27598	0
NCETw_01_1	79	Picture	fixation	2811348	0	1	7500	1	0	7340	other	0
NCETw_01_1	79	Pulse	111	2813906	2558	0
NCETw_01_1	80	Picture	child_gender	2819015	0	1	50000	1	0	50000	hit	212
NCETw_01_1	80	Response	2	2835632	16618	1
NCETw_01_1	80	Pulse	111	2838946	19931	0
NCETw_01_1	80	Pulse	111	2863906	44891	0
NCETw_01_1	81	Picture	fixation	2869015	0	1	7500	1	0	7340	other	0
NCETw_01_1	82	Picture	child_gender	2876682	0	1	50000	1	0	50000	hit	218
NCETw_01_1	82	Pulse	111	2888866	12184	0
NCETw_01_1	82	Response	1	2898248	21566	1
NCETw_01_1	82	Pulse	111	2913906	37224	0
NCETw_01_1	83	Picture	fixation	2926682	0	1	7500	1	0	7340	other	0
NCETw_01_1	84	Picture	child_gender	2934348	0	1	50000	1	0	50000	hit	223
NCETw_01_1	84	Pulse	111	2938866	4517	0
NCETw_01_1	84	Response	2	2948140	13792	1
NCETw_01_1	84	Pulse	111	2963906	29557	0
NCETw_01_1	85	Picture	fixation	2984349	0	1	7500	1	0	7340	other	0
NCETw_01_1	85	Pulse	111	2988946	4597	0
NCETw_01_1	86	Picture	block split	2992015	0	1	100167	1	0	next	other	0
NCETw_01_1	86	Pulse	111	3013906	21890	0
NCETw_01_1	86	Pulse	111	3038946	46930	0
NCETw_01_1	86	Pulse	111	3063906	71890	0
NCETw_01_1	86	Pulse	111	3088866	96850	0
NCETw_01_1	87	Picture	cue	3092183	0	1	7500	1	0	7340	other	0
NCETw_01_1	88	Picture	adult_mind	3099849	0	1	50000	1	0	50000	hit	235
NCETw_01_1	88	Pulse	111	3113906	14056	0
NCETw_01_1	88	Response	2	3124261	24412	1
NCETw_01_1	88	Pulse	111	3138866	39017	0
NCETw_01_1	89	Picture	fixation	3149850	0	1	7500	1	0	7340	other	0
NCETw_01_1	90	Picture	adult_mind	3157516	0	1	50000	1	0	50000	hit	240
NCETw_01_1	90	Pulse	111	3163906	6389	0
NCETw_01_1	90	Response	1	3182885	25369	1
NCETw_01_1	90	Pulse	111	3188945	31429	0
NCETw_01_1	91	Picture	fixation	3207517	0	1	7500	1	0	7340	other	0
NCETw_01_1	91	Pulse	111	3213906	6389	0
NCETw_01_1	92	Picture	adult_mind	3215183	0	1	50000	1	0	50000	incorrect	246
NCETw_01_1	92	Pulse	111	3238945	23762	0
NCETw_01_1	92	Response	1	3250240	35057	1
NCETw_01_1	92	Pulse	111	3263905	48722	0
NCETw_01_1	93	Picture	fixation	3265183	0	1	7500	1	0	7340	other	0
NCETw_01_1	94	Picture	adult_mind	3272850	0	1	50000	1	0	50000	incorrect	251
NCETw_01_1	94	Pulse	111	3288865	16015	0
NCETw_01_1	94	Response	2	3302777	29927	1
NCETw_01_1	94	Pulse	111	3313905	41055	0
NCETw_01_1	95	Picture	fixation	3322850	0	1	7500	1	0	7340	other	0
NCETw_01_1	96	Picture	block split	3330517	0	1	70167	1	0	next	other	0
NCETw_01_1	96	Pulse	111	3338866	8349	0
NCETw_01_1	96	Pulse	111	3363906	33388	0
NCETw_01_1	96	Pulse	111	3388946	58428	0
NCETw_01_1	97	Picture	cue	3400684	0	1	7500	1	0	7340	other	0
NCETw_01_1	98	Picture	adult_gender	3408351	0	1	50000	1	0	50000	incorrect	261
NCETw_01_1	98	Pulse	111	3413906	5555	0
NCETw_01_1	98	Response	1	3423867	15516	1
NCETw_01_1	98	Pulse	111	3438945	30595	0
NCETw_01_1	99	Picture	fixation	3458351	0	1	7500	1	0	7340	other	0
NCETw_01_1	99	Pulse	111	3463906	5554	0
NCETw_01_1	100	Picture	adult_gender	3466018	0	1	50000	1	0	50000	incorrect	266
NCETw_01_1	100	Response	1	3484087	18070	1
NCETw_01_1	100	Pulse	111	3488946	22928	0
NCETw_01_1	100	Pulse	111	3513905	47888	0
NCETw_01_1	101	Picture	fixation	3516018	0	1	7500	1	0	7340	other	0
NCETw_01_1	102	Picture	adult_gender	3523685	0	1	50000	1	0	50000	incorrect	272
NCETw_01_1	102	Pulse	111	3538865	15180	0
NCETw_01_1	102	Response	1	3542711	19026	1
NCETw_01_1	102	Pulse	111	3563905	40221	0
NCETw_01_1	103	Picture	fixation	3573685	0	1	7500	1	0	7340	other	0
NCETw_01_1	104	Picture	adult_gender	3581352	0	1	50000	1	0	50000	hit	277
NCETw_01_1	104	Pulse	111	3588865	7514	0
NCETw_01_1	104	Response	2	3595747	14395	1
NCETw_01_1	104	Pulse	111	3613905	32554	0
NCETw_01_1	105	Picture	fixation	3631352	0	1	7500	1	0	7340	other	0
NCETw_01_1	105	Pulse	111	3638945	7593	0
NCETw_01_1	106	Picture	block split	3639019	0	1	100167	1	0	next	other	0
NCETw_01_1	106	Pulse	111	3663906	24887	0
NCETw_01_1	106	Pulse	111	3688945	49926	0
NCETw_01_1	106	Pulse	111	3713905	74886	0
NCETw_01_1	106	Pulse	111	3738865	99847	0
NCETw_01_1	107	Picture	cue	3739186	0	1	7500	1	0	7340	other	0
NCETw_01_1	108	Picture	child_gender	3746853	0	1	50000	1	0	50000	hit	289
NCETw_01_1	108	Pulse	111	3763905	17052	0
NCETw_01_1	108	Response	2	3766080	19228	1
NCETw_01_1	108	Pulse	111	3788865	42012	0
NCETw_01_1	109	Picture	fixation	3796853	0	1	7500	1	0	7340	other	0
NCETw_01_1	110	Picture	child_gender	3804520	0	1	50000	1	0	50000	incorrect	294
NCETw_01_1	110	Pulse	111	3813905	9386	0
NCETw_01_1	110	Response	1	3822359	17840	1
NCETw_01_1	110	Pulse	111	3838945	34426	0
NCETw_01_1	111	Picture	fixation	3854520	0	1	7500	1	0	7340	other	0
NCETw_01_1	112	Picture	child_gender	3862187	0	1	50000	1	0	50000	incorrect	299
NCETw_01_1	112	Pulse	111	3863905	1719	0
NCETw_01_1	112	Response	2	3876692	14506	1
NCETw_01_1	112	Pulse	111	3888945	26758	0
NCETw_01_1	113	Picture	fixation	3912187	0	1	7500	1	0	7340	other	0
NCETw_01_1	113	Pulse	111	3913905	1718	0
NCETw_01_1	114	Picture	child_gender	3919854	0	1	50000	1	0	50000	incorrect	305
NCETw_01_1	114	Pulse	111	3938865	19011	0
NCETw_01_1	114	Response	2	3940308	20455	1
NCETw_01_1	114	Pulse	111	3963905	44052	0
NCETw_01_1	115	Picture	fixation	3969854	0	1	7500	1	0	7340	other	0
NCETw_01_1	116	Picture	block split	3977521	0	1	70167	1	0	next	other	0
NCETw_01_1	116	Pulse	111	3988865	11345	0
NCETw_01_1	116	Pulse	111	4013905	36385	0
NCETw_01_1	116	Pulse	111	4038946	61425	0
NCETw_01_1	117	Picture	cue	4047688	0	1	7500	1	0	7340	other	0
NCETw_01_1	118	Picture	adult_mind	4055354	0	1	50000	1	0	50000	incorrect	316
NCETw_01_1	118	Pulse	111	4063905	8551	0
NCETw_01_1	118	Pulse	111	4088945	33591	0
NCETw_01_1	118	Response	2	4092727	37373	1
NCETw_01_1	119	Picture	fixation	4105354	0	1	7500	1	0	7340	other	0
NCETw_01_1	120	Picture	adult_mind	4113021	0	1	50000	1	0	50000	hit	320
NCETw_01_1	120	Pulse	111	4113905	884	0
NCETw_01_1	120	Response	1	4136783	23762	1
NCETw_01_1	120	Pulse	111	4138865	25844	0
NCETw_01_1	121	Picture	fixation	4163022	0	1	7500	1	0	7340	other	0
NCETw_01_1	121	Pulse	111	4163905	883	0
NCETw_01_1	122	Picture	adult_mind	4170688	0	1	50000	1	0	50000	hit	326
NCETw_01_1	122	Pulse	111	4188865	18177	0
NCETw_01_1	122	Response	1	4205684	34996	1
NCETw_01_1	122	Pulse	111	4213905	43216	0
NCETw_01_1	123	Picture	fixation	4220689	0	1	7500	1	0	7340	other	0
NCETw_01_1	124	Picture	adult_mind	4228355	0	1	50000	1	0	50000	hit	331
NCETw_01_1	124	Pulse	111	4238945	10590	0
NCETw_01_1	124	Response	2	4248991	20636	1
NCETw_01_1	124	Pulse	111	4263905	35549	0
NCETw_01_1	125	Picture	fixation	4278355	0	1	7500	1	0	7340	other	0
NCETw_01_1	126	Picture	block split	4286022	0	1	120167	1	0	next	other	0
NCETw_01_1	126	Pulse	111	4288945	2923	0
NCETw_01_1	126	Pulse	111	4313905	27883	0
NCETw_01_1	126	Pulse	111	4338945	52923	0
NCETw_01_1	126	Pulse	111	4363905	77883	0
NCETw_01_1	126	Pulse	111	4388865	102842	0
NCETw_01_1	127	Picture	cue	4406189	0	1	7500	1	0	7340	other	0
NCETw_01_1	128	Picture	child_gender	4413856	0	1	50000	1	0	50000	incorrect	344
NCETw_01_1	128	Pulse	111	4413905	49	0
NCETw_01_1	128	Pulse	111	4438945	25089	0
NCETw_01_1	128	Response	1	4447713	33857	1
NCETw_01_1	129	Picture	fixation	4463856	0	1	7500	1	0	7340	other	0
NCETw_01_1	129	Pulse	111	4463904	48	0
NCETw_01_1	130	Picture	child_gender	4471523	0	1	50000	1	0	50000	hit	349
NCETw_01_1	130	Pulse	111	4488945	17422	0
NCETw_01_1	130	Response	1	4492866	21343	1
NCETw_01_1	130	Pulse	111	4513905	42381	0
NCETw_01_1	131	Picture	fixation	4521523	0	1	7500	1	0	7340	other	0
NCETw_01_1	132	Picture	child_gender	4529190	0	1	50000	1	0	50000	hit	354
NCETw_01_1	132	Pulse	111	4538945	9755	0
NCETw_01_1	132	Response	2	4558375	29185	1
NCETw_01_1	132	Pulse	111	4563904	34714	0
NCETw_01_1	133	Picture	fixation	4579190	0	1	7500	1	0	7340	other	0
NCETw_01_1	134	Picture	child_gender	4586857	0	1	50000	1	0	50000	incorrect	360
NCETw_01_1	134	Pulse	111	4588865	2008	0
NCETw_01_1	134	Pulse	111	4613905	27048	0
NCETw_01_1	134	Response	2	4614055	27198	1
NCETw_01_1	135	Picture	fixation	4636857	0	1	7500	1	0	7340	other	0
NCETw_01_1	135	Pulse	111	4638864	2007	0
NCETw_01_1	136	Picture	block split	4644524	0	1	100167	1	0	next	other	0
NCETw_01_1	136	Pulse	111	4663904	19381	0
NCETw_01_1	136	Pulse	111	4688945	44421	0
NCETw_01_1	136	Pulse	111	4713904	69380	0
NCETw_01_1	136	Pulse	111	4738944	94420	0
NCETw_01_1	137	Picture	cue	4744691	0	1	7500	1	0	7340	other	0
NCETw_01_1	138	Picture	child_mind	4752358	0	1	50000	1	0	50000	hit	371
NCETw_01_1	138	Pulse	111	4763904	11547	0
NCETw_01_1	138	Response	1	4781944	29586	1
NCETw_01_1	138	Pulse	111	4788865	36507	0
NCETw_01_1	139	Picture	fixation	4802358	0	1	7500	1	0	7340	other	0
NCETw_01_1	140	Picture	child_mind	4810025	0	1	50000	1	0	50000	hit	377
NCETw_01_1	140	Pulse	111	4813904	3879	0
NCETw_01_1	140	Pulse	111	4838864	28839	0
NCETw_01_1	140	Response	2	4854937	44912	1
NCETw_01_1	141	Picture	fixation	4860025	0	1	7500	1	0	7340	other	0
NCETw_01_1	141	Pulse	111	4863904	3879	0
NCETw_01_1	142	Picture	child_mind	4867692	0	1	50000	1	0	50000	hit	382
NCETw_01_1	142	Pulse	111	4888944	21252	0
NCETw_01_1	142	Response	1	4911116	43425	1
NCETw_01_1	142	Pulse	111	4913904	46212	0
NCETw_01_1	143	Picture	fixation	4917692	0	1	7500	1	0	7340	other	0
NCETw_01_1	144	Picture	child_mind	4925359	0	1	50000	1	0	50000	hit	388
NCETw_01_1	144	Pulse	111	4938944	13585	0
NCETw_01_1	144	Pulse	111	4963904	38545	0
NCETw_01_1	144	Response	2	4965898	40539	1
NCETw_01_1	145	Picture	fixation	4975359	0	1	7500	1	0	7340	other	0
NCETw_01_1	146	Picture	block split	4983026	0	1	70167	1	0	next	other	0
NCETw_01_1	146	Pulse	111	4988944	5919	0
NCETw_01_1	146	Pulse	111	5013904	30878	0
NCETw_01_1	146	Pulse	111	5038864	55838	0
NCETw_01_1	147	Picture	cue	5053193	0	1	7500	1	0	7340	other	0
NCETw_01_1	148	Picture	adult_gender	5060860	0	1	50000	1	0	50000	incorrect	397
NCETw_01_1	148	Pulse	111	5063904	3045	0
NCETw_01_1	148	Response	2	5084642	23783	1
NCETw_01_1	148	Pulse	111	5088944	28084	0
NCETw_01_1	149	Picture	fixation	5110860	0	1	7500	1	0	7340	other	0
NCETw_01_1	149	Pulse	111	5113904	3044	0
NCETw_01_1	150	Picture	adult_gender	5118526	0	1	50000	1	0	50000	hit	402
NCETw_01_1	150	Response	2	5134835	16308	1
NCETw_01_1	150	Pulse	111	5138944	20418	0
NCETw_01_1	150	Pulse	111	5163904	45378	0
NCETw_01_1	151	Picture	fixation	5168527	0	1	7500	1	0	7340	other	0
NCETw_01_1	152	Picture	adult_gender	5176193	0	1	50000	1	0	50000	incorrect	408
NCETw_01_1	152	Pulse	111	5188944	12750	0
NCETw_01_1	152	Response	2	5189966	13773	1
NCETw_01_1	152	Pulse	111	5213904	37711	0
NCETw_01_1	153	Picture	fixation	5226194	0	1	7500	1	0	7340	other	0
NCETw_01_1	154	Picture	adult_gender	5233860	0	1	50000	1	0	50000	hit	413
NCETw_01_1	154	Pulse	111	5238864	5004	0
NCETw_01_1	154	Response	1	5260215	26354	1
NCETw_01_1	154	Pulse	111	5263904	30043	0
NCETw_01_1	155	Picture	fixation	5283861	0	1	7500	1	0	7340	other	0
NCETw_01_1	155	Pulse	111	5288944	5083	0
NCETw_01_1	156	Picture	block split	5291527	0	1	100167	1	0	next	other	0
NCETw_01_1	156	Pulse	111	5313904	22377	0
NCETw_01_1	156	Pulse	111	5338944	47417	0
NCETw_01_1	156	Pulse	111	5363904	72377	0
NCETw_01_1	156	Pulse	111	5388944	97416	0
NCETw_01_1	157	Picture	cue	5391694	0	1	7500	1	0	7340	other	0
NCETw_01_1	158	Picture	child_mind	5399361	0	1	50000	1	0	50000	hit	425
NCETw_01_1	158	Pulse	111	5413904	14543	0
NCETw_01_1	158	Response	2	5434690	35328	1
NCETw_01_1	158	Pulse	111	5438864	39502	0
NCETw_01_1	159	Picture	fixation	5449362	0	1	7500	1	0	7340	other	0
NCETw_01_1	160	Picture	child_mind	5457028	0	1	50000	1	0	50000	hit	431
NCETw_01_1	160	Pulse	111	5463904	6876	0
NCETw_01_1	160	Pulse	111	5488944	31916	0
NCETw_01_1	160	Response	1	5505587	48559	1
NCETw_01_1	161	Picture	fixation	5507029	0	1	7500	1	0	7340	other	0
NCETw_01_1	161	Pulse	111	5513904	6875	0
NCETw_01_1	162	Picture	child_mind	5514695	0	1	50000	1	0	50000	miss	0
NCETw_01_1	162	Pulse	111	5538944	24249	0
NCETw_01_1	162	Pulse	111	5563903	49208	0
NCETw_01_1	163	Picture	fixation	5564695	0	1	7500	1	0	7340	other	0
NCETw_01_1	163	Response	1	5568452	3756	1
NCETw_01_1	164	Picture	child_mind	5572362	0	1	50000	1	0	50000	hit	441
NCETw_01_1	164	Pulse	111	5588943	16581	0
NCETw_01_1	164	Response	2	5602927	30565	1
NCETw_01_1	164	Pulse	111	5613903	41541	0
NCETw_01_1	165	Picture	fixation	5622362	0	1	7500	1	0	7340	other	0
NCETw_01_1	166	Picture	block split	5630029	0	1	120167	1	0	next	other	0
NCETw_01_1	166	Pulse	111	5638943	8914	0
NCETw_01_1	166	Pulse	111	5663903	33874	0
NCETw_01_1	166	Pulse	111	5688863	58834	0
NCETw_01_1	166	Pulse	111	5713903	83874	0
NCETw_01_1	166	Pulse	111	5738943	108914	0
NCETw_01_1	167	Picture	cue	5750196	0	1	7500	1	0	7340	other	0
NCETw_01_1	168	Picture	child_gender	5757863	0	1	50000	1	0	50000	hit	453
NCETw_01_1	168	Pulse	111	5763903	6040	0
NCETw_01_1	168	Response	1	5780196	22332	1
NCETw_01_1	168	Pulse	111	5788943	31080	0
NCETw_01_1	169	Picture	fixation	5807863	0	1	7500	1	0	7340	other	0
NCETw_01_1	169	Pulse	111	5813903	6040	0
NCETw_01_1	170	Picture	child_gender	5815530	0	1	50000	1	0	50000	hit	459
NCETw_01_1	170	Pulse	111	5838943	23413	0
NCETw_01_1	170	Response	2	5839119	23589	1
NCETw_01_1	170	Pulse	111	5863904	48374	0
NCETw_01_1	171	Picture	fixation	5865530	0	1	7500	1	0	7340	other	0
NCETw_01_1	172	Picture	child_gender	5873197	0	1	50000	1	0	50000	incorrect	464
NCETw_01_1	172	Pulse	111	5888863	15666	0
NCETw_01_1	172	Response	2	5893851	20654	1
NCETw_01_1	172	Pulse	111	5913903	40706	0
NCETw_01_1	173	Picture	fixation	5923197	0	1	7500	1	0	7340	other	0
NCETw_01_1	174	Picture	child_gender	5930864	0	1	50000	1	0	50000	hit	469
NCETw_01_1	174	Pulse	111	5938943	8079	0
NCETw_01_1	174	Response	1	5960408	29544	1
NCETw_01_1	174	Pulse	111	5963903	33039	0
NCETw_01_1	175	Picture	fixation	5980864	0	1	7500	1	0	7340	other	0
NCETw_01_1	176	Picture	block split	5988531	0	1	100167	1	0	next	other	0
NCETw_01_1	176	Pulse	111	5988943	412	0
NCETw_01_1	176	Pulse	111	6013903	25372	0
NCETw_01_1	176	Pulse	111	6038943	50412	0
NCETw_01_1	176	Pulse	111	6063903	75372	0
NCETw_01_1	177	Picture	cue	6088698	0	1	7500	1	0	7340	other	0
NCETw_01_1	177	Pulse	111	6088863	165	0
NCETw_01_1	178	Picture	adult_mind	6096365	0	1	50000	1	0	50000	hit	481
NCETw_01_1	178	Pulse	111	6113903	17538	0
NCETw_01_1	178	Response	2	6127548	31183	1
NCETw_01_1	178	Pulse	111	6138943	42578	0
NCETw_01_1	179	Picture	fixation	6146365	0	1	7500	1	0	7340	other	0
NCETw_01_1	180	Picture	adult_mind	6154032	0	1	50000	1	0	50000	incorrect	486
NCETw_01_1	180	Pulse	111	6163903	9871	0
NCETw_01_1	180	Response	2	6179237	25205	1
NCETw_01_1	180	Pulse	111	6188943	34911	0
NCETw_01_1	181	Picture	fixation	6204032	0	1	7500	1	0	7340	other	0
NCETw_01_1	182	Picture	adult_mind	6211699	0	1	50000	1	0	50000	incorrect	492
NCETw_01_1	182	Pulse	111	6213903	2204	0
NCETw_01_1	182	Pulse	111	6238943	27244	0
NCETw_01_1	182	Response	1	6241503	29804	1
NCETw_01_1	183	Picture	fixation	6261699	0	1	7500	1	0	7340	other	0
NCETw_01_1	183	Pulse	111	6263903	2204	0
NCETw_01_1	184	Picture	adult_mind	6269366	0	1	50000	1	0	50000	hit	497
NCETw_01_1	184	Pulse	111	6288863	19497	0
NCETw_01_1	184	Response	2	6306014	36648	1
NCETw_01_1	185	Picture	fixation	6319366	0	1	7500	1	0	7340	other	0
NCETw_01_1	186	Picture	block split	6327033	0	1	101155	1	0	next	other	0
NCETw_01_1	186	Response	1	6368929	41896	1
NCETw_01_1	186	Quit		6404865	77832	NA


{
   "app": "Presentation Version 20.1 Build 12.04.17",
   "device": "HP HP Z240 Tower Workstation",
   "experiment": "{D2308172-C925-4AB0-BB91-664CE85A0846}",
   "os": "Windows 10 64 bit",
   "package": "",
   "parameters": {
      "configuration": "Default configuration"
   },
   "scenario": "RMET_1_1.sce",
   "subject": "NCETw_01_1",
   "timestamp": "2018/05/16 08:54:57 GMT"
}
